2020-05-05 08:55:32 +0000  Initial pipeline context: <IDEDistributionProcessingPipelineContext: 0x7fc1285874b0; archive(resolved)='<IDEArchive: 0x7fc1060249b0>', distributionTask(resolved)='2', distributionDestination(resolved)='1', distributionMethod(resolved)='<IDEDistributionMethodiOSAppStoreDistribution: 0x7fc12926cef0>', team(resolved)='<IDEProvisioningDisambiguatableBasicTeam: 0x7fc12b2bc080; teamID='73PRWV2A43', teamName='Bin An', teamType='Individual', username='1046141612@qq.com', isFreeProvisioningTeam='0'>'>
	Chain (12, self inclusive):
	<IDEDistributionProcessingPipelineContext: 0x7fc1285874b0; archive = '<IDEArchive: 0x7fc1060249b0>', distributionMethod='<IDEDistributionMethodiOSAppStoreDistribution: 0x7fc12926cef0>', team='<IDEProvisioningDisambiguatableBasicTeam: 0x7fc12b2bc080; teamID='73PRWV2A43', teamName='Bin An', teamType='Individual', username='1046141612@qq.com', isFreeProvisioningTeam='0'>'>
	<IDEDistributionProcessingPipelineContext: 0x7fc107cbf5a0; archive = '<IDEArchive: 0x7fc1060249b0>', distributionMethod='<IDEDistributionMethodiOSAppStoreDistribution: 0x7fc12926cef0>', team='<IDEProvisioningDisambiguatableBasicTeam: 0x7fc12b2bc080; teamID='73PRWV2A43', teamName='Bin An', teamType='Individual', username='1046141612@qq.com', isFreeProvisioningTeam='0'>'>
	<IDEDistributionContext: 0x7fc12859ff30; archive = '<IDEArchive: 0x7fc1060249b0>', distributionMethod='<IDEDistributionMethodiOSAppStoreDistribution: 0x7fc12926cef0>', team='<IDEProvisioningDisambiguatableBasicTeam: 0x7fc12b2bc080; teamID='73PRWV2A43', teamName='Bin An', teamType='Individual', username='1046141612@qq.com', isFreeProvisioningTeam='0'>'>
	<IDEDistributionContext: 0x7fc107c68640; archive = '<IDEArchive: 0x7fc1060249b0>', distributionMethod='<IDEDistributionMethodiOSAppStoreDistribution: 0x7fc12926cef0>', team='<IDEProvisioningDisambiguatableBasicTeam: 0x7fc12b2bc080; teamID='73PRWV2A43', teamName='Bin An', teamType='Individual', username='1046141612@qq.com', isFreeProvisioningTeam='0'>'>
	<IDEDistributionContext: 0x7fc12241da00; archive = '<IDEArchive: 0x7fc1060249b0>', distributionMethod='<IDEDistributionMethodiOSAppStoreDistribution: 0x7fc12926cef0>', team='<IDEProvisioningDisambiguatableBasicTeam: 0x7fc12b2bc080; teamID='73PRWV2A43', teamName='Bin An', teamType='Individual', username='1046141612@qq.com', isFreeProvisioningTeam='0'>'>
	<IDEDistributionContext: 0x7fc107ca4690; archive = '<IDEArchive: 0x7fc1060249b0>', distributionMethod='<IDEDistributionMethodiOSAppStoreDistribution: 0x7fc12926cef0>', team='<IDEProvisioningDisambiguatableBasicTeam: 0x7fc12b2bc080; teamID='73PRWV2A43', teamName='Bin An', teamType='Individual', username='1046141612@qq.com', isFreeProvisioningTeam='0'>'>
	<IDEDistributionContext: 0x7fc1285ad140; archive = '<IDEArchive: 0x7fc1060249b0>', distributionMethod='<IDEDistributionMethodiOSAppStoreDistribution: 0x7fc12926cef0>', team='<IDEProvisioningDisambiguatableBasicTeam: 0x7fc12b2bc080; teamID='73PRWV2A43', teamName='Bin An', teamType='Individual', username='1046141612@qq.com', isFreeProvisioningTeam='0'>'>
	<IDEDistributionContext: 0x7fc107cef590; archive = '<IDEArchive: 0x7fc1060249b0>', distributionMethod='<IDEDistributionMethodiOSAppStoreDistribution: 0x7fc12926cef0>', team='<IDEProvisioningDisambiguatableBasicTeam: 0x7fc12b2bc080; teamID='73PRWV2A43', teamName='Bin An', teamType='Individual', username='1046141612@qq.com', isFreeProvisioningTeam='0'>'>
	<IDEDistributionContext: 0x7fc1285dc7e0; archive = '<IDEArchive: 0x7fc1060249b0>', distributionMethod='<IDEDistributionMethodiOSAppStoreDistribution: 0x7fc12926cef0>', team='<IDEProvisioningDisambiguatableBasicTeam: 0x7fc12b2bc080; teamID='73PRWV2A43', teamName='Bin An', teamType='Individual', username='1046141612@qq.com', isFreeProvisioningTeam='0'>'>
	<IDEDistributionContext: 0x7fc1285b57b0; archive = '<IDEArchive: 0x7fc1060249b0>', distributionMethod='<IDEDistributionMethodiOSAppStoreDistribution: 0x7fc12926cef0>', team='(null)'>
	<IDEDistributionContext: 0x7fc107ce5cb0; archive = '<IDEArchive: 0x7fc1060249b0>', distributionMethod='<IDEDistributionMethodiOSAppStoreDistribution: 0x7fc12926cef0>', team='(null)'>
	<IDEDistributionContext: 0x7fc1285b33e0; archive = '<IDEArchive: 0x7fc1060249b0>', distributionMethod='(null)', team='(null)'>
</IDEDistributionProcessingPipelineContext: 0x7fc1285874b0>
2020-05-05 08:55:32 +0000  Processing step: IDEDistributionCreateDestRootStep
2020-05-05 08:55:32 +0000  Processing step: IDEDistributionCopyItemStep
2020-05-05 08:55:32 +0000  Running /usr/bin/ditto '-V' '/Users/mac/Library/Developer/Xcode/Archives/2020-05-05/多能 2020-5-5, 4.52 PM.xcarchive/Products/Applications/WeexEros.app' '/var/folders/x9/dg08tzcn4_x7kmjdhsnj1q3c0000gn/T/XcodeDistPipeline.~~~DESWQ7/Root/Payload/WeexEros.app'
2020-05-05 08:55:32 +0000  >>> Copying /Users/mac/Library/Developer/Xcode/Archives/2020-05-05/多能 2020-5-5, 4.52 PM.xcarchive/Products/Applications/WeexEros.app 
2020-05-05 08:55:32 +0000  copying file ./bm-base.js ... 
2020-05-05 08:55:32 +0000  36893 bytes for ./bm-base.js
2020-05-05 08:55:32 +0000  copying file ./_CodeSignature/CodeResources ... 
2020-05-05 08:55:32 +0000  60424 bytes for ./_CodeSignature/CodeResources
2020-05-05 08:55:32 +0000  copying file ./CalendarLeftArrows@3x.png ... 
2020-05-05 08:55:32 +0000  1501 bytes for ./CalendarLeftArrows@3x.png
2020-05-05 08:55:32 +0000  copying file ./LaunchImage-1100-Portrait-2436h@3x.png ... 
2020-05-05 08:55:32 +0000  620523 bytes for ./LaunchImage-1100-Portrait-2436h@3x.png
2020-05-05 08:55:32 +0000  copying file ./AppIcon20x20@2x.png ... 
2020-05-05 08:55:32 +0000  2540 bytes for ./AppIcon20x20@2x.png
2020-05-05 08:55:32 +0000  copying file ./AppIcon20x20@3x.png ... 
2020-05-05 08:55:32 +0000  4148 bytes for ./AppIcon20x20@3x.png
2020-05-05 08:55:32 +0000  copying file ./MJRefresh.bundle/zh-Hans.lproj/Localizable.strings ... 
2020-05-05 08:55:32 +0000  1194 bytes for ./MJRefresh.bundle/zh-Hans.lproj/Localizable.strings
2020-05-05 08:55:32 +0000  copying file ./MJRefresh.bundle/en.lproj/Localizable.strings ... 
2020-05-05 08:55:32 +0000  1372 bytes for ./MJRefresh.bundle/en.lproj/Localizable.strings
2020-05-05 08:55:32 +0000  copying file ./MJRefresh.bundle/arrow@2x.png ... 
2020-05-05 08:55:32 +0000  1033 bytes for ./MJRefresh.bundle/arrow@2x.png
2020-05-05 08:55:32 +0000  copying file ./MJRefresh.bundle/zh-Hant.lproj/Localizable.strings ... 
2020-05-05 08:55:32 +0000  773 bytes for ./MJRefresh.bundle/zh-Hant.lproj/Localizable.strings
2020-05-05 08:55:32 +0000  copying file ./CalendarLeftArrows@2x.png ... 
2020-05-05 08:55:32 +0000  1335 bytes for ./CalendarLeftArrows@2x.png
2020-05-05 08:55:32 +0000  copying file ./UMSocialSDKResources.bundle/UMSocialWaterMark/umsocial_defaultwatermark.png ... 
2020-05-05 08:55:32 +0000  3003 bytes for ./UMSocialSDKResources.bundle/UMSocialWaterMark/umsocial_defaultwatermark.png
2020-05-05 08:55:32 +0000  copying file ./UMSocialSDKResources.bundle/zh-Hans.lproj/UMSocialLocalizable.strings ... 
2020-05-05 08:55:32 +0000  6705 bytes for ./UMSocialSDKResources.bundle/zh-Hans.lproj/UMSocialLocalizable.strings
2020-05-05 08:55:32 +0000  copying file ./UMSocialSDKResources.bundle/en.lproj/UMSocialLocalizable.strings ... 
2020-05-05 08:55:32 +0000  6491 bytes for ./UMSocialSDKResources.bundle/en.lproj/UMSocialLocalizable.strings
2020-05-05 08:55:32 +0000  copying file ./UMSocialSDKResources.bundle/Buttons/UMS_nav_button_close@2x.png ... 
2020-05-05 08:55:32 +0000  500 bytes for ./UMSocialSDKResources.bundle/Buttons/UMS_nav_button_close@2x.png
2020-05-05 08:55:32 +0000  copying file ./UMSocialSDKResources.bundle/Buttons/UMS_url_image@2x.png ... 
2020-05-05 08:55:32 +0000  1562 bytes for ./UMSocialSDKResources.bundle/Buttons/UMS_url_image@2x.png
2020-05-05 08:55:32 +0000  copying file ./UMSocialSDKResources.bundle/Buttons/UMS_url_music@2x.png ... 
2020-05-05 08:55:32 +0000  1771 bytes for ./UMSocialSDKResources.bundle/Buttons/UMS_url_music@2x.png
2020-05-05 08:55:32 +0000  copying file ./UMSocialSDKResources.bundle/Buttons/UMS_add_friend_off@2x.png ... 
2020-05-05 08:55:32 +0000  134 bytes for ./UMSocialSDKResources.bundle/Buttons/UMS_add_friend_off@2x.png
2020-05-05 08:55:32 +0000  copying file ./UMSocialSDKResources.bundle/Buttons/UMS_delete_image_button_normal@2x.png ... 
2020-05-05 08:55:32 +0000  891 bytes for ./UMSocialSDKResources.bundle/Buttons/UMS_delete_image_button_normal@2x.png
2020-05-05 08:55:32 +0000  copying file ./UMSocialSDKResources.bundle/Buttons/UMS_nav_button_send@2x.png ... 
2020-05-05 08:55:32 +0000  1624 bytes for ./UMSocialSDKResources.bundle/Buttons/UMS_nav_button_send@2x.png
2020-05-05 08:55:32 +0000  copying file ./UMSocialSDKResources.bundle/Buttons/UMS_url_video@2x.png ... 
2020-05-05 08:55:32 +0000  2062 bytes for ./UMSocialSDKResources.bundle/Buttons/UMS_url_video@2x.png
2020-05-05 08:55:32 +0000  copying file ./UMSocialSDKResources.bundle/UMSocialPlatformTheme/default/umsocial_renren.png ... 
2020-05-05 08:55:32 +0000  1529 bytes for ./UMSocialSDKResources.bundle/UMSocialPlatformTheme/default/umsocial_renren.png
2020-05-05 08:55:32 +0000  copying file ./UMSocialSDKResources.bundle/UMSocialPlatformTheme/default/umsocial_default.png ... 
2020-05-05 08:55:32 +0000  4203 bytes for ./UMSocialSDKResources.bundle/UMSocialPlatformTheme/default/umsocial_default.png
2020-05-05 08:55:32 +0000  copying file ./UMSocialSDKResources.bundle/UMSocialPlatformTheme/default/umsocial_pinterest.png ... 
2020-05-05 08:55:32 +0000  1987 bytes for ./UMSocialSDKResources.bundle/UMSocialPlatformTheme/default/umsocial_pinterest.png
2020-05-05 08:55:32 +0000  copying file ./UMSocialSDKResources.bundle/UMSocialPlatformTheme/default/umsocial_yixin_session.png ... 
2020-05-05 08:55:32 +0000  1833 bytes for ./UMSocialSDKResources.bundle/UMSocialPlatformTheme/default/umsocial_yixin_session.png
2020-05-05 08:55:32 +0000  copying file ./UMSocialSDKResources.bundle/UMSocialPlatformTheme/default/umsocial_vkontakte.png ... 
2020-05-05 08:55:32 +0000  1867 bytes for ./UMSocialSDKResources.bundle/UMSocialPlatformTheme/default/umsocial_vkontakte.png
2020-05-05 08:55:32 +0000  copying file ./UMSocialSDKResources.bundle/UMSocialPlatformTheme/default/umsocial_tim.png ... 
2020-05-05 08:55:32 +0000  2597 bytes for ./UMSocialSDKResources.bundle/UMSocialPlatformTheme/default/umsocial_tim.png
2020-05-05 08:55:32 +0000  copying file ./UMSocialSDKResources.bundle/UMSocialPlatformTheme/default/umsocial_lw_session.png ... 
2020-05-05 08:55:32 +0000  2391 bytes for ./UMSocialSDKResources.bundle/UMSocialPlatformTheme/default/umsocial_lw_session.png
2020-05-05 08:55:32 +0000  copying file ./UMSocialSDKResources.bundle/UMSocialPlatformTheme/default/umsocial_linkedin.png ... 
2020-05-05 08:55:32 +0000  1637 bytes for ./UMSocialSDKResources.bundle/UMSocialPlatformTheme/default/umsocial_linkedin.png
2020-05-05 08:55:32 +0000  copying file ./UMSocialSDKResources.bundle/UMSocialPlatformTheme/default/umsocial_yixin_favorite.png ... 
2020-05-05 08:55:32 +0000  4145 bytes for ./UMSocialSDKResources.bundle/UMSocialPlatformTheme/default/umsocial_yixin_favorite.png
2020-05-05 08:55:32 +0000  copying file ./UMSocialSDKResources.bundle/UMSocialPlatformTheme/default/umsocial_youdaonote.png ... 
2020-05-05 08:55:32 +0000  1158 bytes for ./UMSocialSDKResources.bundle/UMSocialPlatformTheme/default/umsocial_youdaonote.png
2020-05-05 08:55:32 +0000  copying file ./UMSocialSDKResources.bundle/UMSocialPlatformTheme/default/umsocial_flickr.png ... 
2020-05-05 08:55:32 +0000  979 bytes for ./UMSocialSDKResources.bundle/UMSocialPlatformTheme/default/umsocial_flickr.png
2020-05-05 08:55:32 +0000  copying file ./UMSocialSDKResources.bundle/UMSocialPlatformTheme/default/umsocial_line.png ... 
2020-05-05 08:55:32 +0000  1720 bytes for ./UMSocialSDKResources.bundle/UMSocialPlatformTheme/default/umsocial_line.png
2020-05-05 08:55:32 +0000  copying file ./UMSocialSDKResources.bundle/UMSocialPlatformTheme/default/umsocial_email.png ... 
2020-05-05 08:55:32 +0000  1211 bytes for ./UMSocialSDKResources.bundle/UMSocialPlatformTheme/default/umsocial_email.png
2020-05-05 08:55:32 +0000  copying file ./UMSocialSDKResources.bundle/UMSocialPlatformTheme/default/umsocial_sms.png ... 
2020-05-05 08:55:32 +0000  1127 bytes for ./UMSocialSDKResources.bundle/UMSocialPlatformTheme/default/umsocial_sms.png
2020-05-05 08:55:32 +0000  copying file ./UMSocialSDKResources.bundle/UMSocialPlatformTheme/default/umsocial_evernote.png ... 
2020-05-05 08:55:32 +0000  1267 bytes for ./UMSocialSDKResources.bundle/UMSocialPlatformTheme/default/umsocial_evernote.png
2020-05-05 08:55:32 +0000  copying file ./UMSocialSDKResources.bundle/UMSocialPlatformTheme/default/umsocial_twitter.png ... 
2020-05-05 08:55:32 +0000  1442 bytes for ./UMSocialSDKResources.bundle/UMSocialPlatformTheme/default/umsocial_twitter.png
2020-05-05 08:55:32 +0000  copying file ./UMSocialSDKResources.bundle/UMSocialPlatformTheme/default/umsocial_whatsapp.png ... 
2020-05-05 08:55:32 +0000  1832 bytes for ./UMSocialSDKResources.bundle/UMSocialPlatformTheme/default/umsocial_whatsapp.png
2020-05-05 08:55:32 +0000  copying file ./UMSocialSDKResources.bundle/UMSocialPlatformTheme/default/umsocial_ap.png ... 
2020-05-05 08:55:32 +0000  1370 bytes for ./UMSocialSDKResources.bundle/UMSocialPlatformTheme/default/umsocial_ap.png
2020-05-05 08:55:32 +0000  copying file ./UMSocialSDKResources.bundle/UMSocialPlatformTheme/default/umsocial_googleplus.png ... 
2020-05-05 08:55:32 +0000  2320 bytes for ./UMSocialSDKResources.bundle/UMSocialPlatformTheme/default/umsocial_googleplus.png
2020-05-05 08:55:32 +0000  copying file ./UMSocialSDKResources.bundle/UMSocialPlatformTheme/default/umsocial_douban.png ... 
2020-05-05 08:55:32 +0000  813 bytes for ./UMSocialSDKResources.bundle/UMSocialPlatformTheme/default/umsocial_douban.png
copying file ./UMSocialSDKResources.bundle/UMSocialPlatformTheme/default/umsocial_lw_timeline.png ... 
2020-05-05 08:55:32 +0000  1139 bytes for ./UMSocialSDKResources.bundle/UMSocialPlatformTheme/default/umsocial_lw_timeline.png
2020-05-05 08:55:32 +0000  copying file ./UMSocialSDKResources.bundle/UMSocialPlatformTheme/default/umsocial_facebook.png ... 
2020-05-05 08:55:32 +0000  1468 bytes for ./UMSocialSDKResources.bundle/UMSocialPlatformTheme/default/umsocial_facebook.png
2020-05-05 08:55:32 +0000  copying file ./UMSocialSDKResources.bundle/UMSocialPlatformTheme/default/umsocial_dingding.png ... 
2020-05-05 08:55:32 +0000  1390 bytes for ./UMSocialSDKResources.bundle/UMSocialPlatformTheme/default/umsocial_dingding.png
2020-05-05 08:55:32 +0000  copying file ./UMSocialSDKResources.bundle/UMSocialPlatformTheme/default/umsocial_wechat.png ... 
2020-05-05 08:55:32 +0000  1628 bytes for ./UMSocialSDKResources.bundle/UMSocialPlatformTheme/default/umsocial_wechat.png
2020-05-05 08:55:32 +0000  copying file ./UMSocialSDKResources.bundle/UMSocialPlatformTheme/default/umsocial_yixin_timeline.png ... 
2020-05-05 08:55:32 +0000  2199 bytes for ./UMSocialSDKResources.bundle/UMSocialPlatformTheme/default/umsocial_yixin_timeline.png
2020-05-05 08:55:32 +0000  copying file ./UMSocialSDKResources.bundle/UMSocialPlatformTheme/default/umsocial_dropbox.png ... 
2020-05-05 08:55:32 +0000  1692 bytes for ./UMSocialSDKResources.bundle/UMSocialPlatformTheme/default/umsocial_dropbox.png
2020-05-05 08:55:32 +0000  copying file ./UMSocialSDKResources.bundle/UMSocialPlatformTheme/default/umsocial_pocket.png ... 
2020-05-05 08:55:32 +0000  1405 bytes for ./UMSocialSDKResources.bundle/UMSocialPlatformTheme/default/umsocial_pocket.png
2020-05-05 08:55:32 +0000  copying file ./UMSocialSDKResources.bundle/UMSocialPlatformTheme/default/umsocial_wechat_timeline.png ... 
2020-05-05 08:55:32 +0000  1506 bytes for ./UMSocialSDKResources.bundle/UMSocialPlatformTheme/default/umsocial_wechat_timeline.png
2020-05-05 08:55:32 +0000  copying file ./UMSocialSDKResources.bundle/UMSocialPlatformTheme/default/umsocial_tencentWB.png ... 
2020-05-05 08:55:32 +0000  1943 bytes for ./UMSocialSDKResources.bundle/UMSocialPlatformTheme/default/umsocial_tencentWB.png
2020-05-05 08:55:32 +0000  copying file ./UMSocialSDKResources.bundle/UMSocialPlatformTheme/default/umsocial_wechat_favorite.png ... 
2020-05-05 08:55:32 +0000  1179 bytes for ./UMSocialSDKResources.bundle/UMSocialPlatformTheme/default/umsocial_wechat_favorite.png
2020-05-05 08:55:32 +0000  copying file ./UMSocialSDKResources.bundle/UMSocialPlatformTheme/default/umsocial_sina.png ... 
2020-05-05 08:55:32 +0000  2581 bytes for ./UMSocialSDKResources.bundle/UMSocialPlatformTheme/default/umsocial_sina.png
2020-05-05 08:55:32 +0000  copying file ./UMSocialSDKResources.bundle/UMSocialPlatformTheme/default/umsocial_tumblr.png ... 
2020-05-05 08:55:32 +0000  1564 bytes for ./UMSocialSDKResources.bundle/UMSocialPlatformTheme/default/umsocial_tumblr.png
2020-05-05 08:55:32 +0000  copying file ./UMSocialSDKResources.bundle/UMSocialPlatformTheme/default/umsocial_kakaoTalk.png ... 
2020-05-05 08:55:32 +0000  1893 bytes for ./UMSocialSDKResources.bundle/UMSocialPlatformTheme/default/umsocial_kakaoTalk.png
2020-05-05 08:55:32 +0000  copying file ./UMSocialSDKResources.bundle/UMSocialPlatformTheme/default/umsocial_facebookmessenger.png ... 
2020-05-05 08:55:32 +0000  1749 bytes for ./UMSocialSDKResources.bundle/UMSocialPlatformTheme/default/umsocial_facebookmessenger.png
2020-05-05 08:55:32 +0000  copying file ./UMSocialSDKResources.bundle/UMSocialPlatformTheme/default/umsocial_qzone.png ... 
2020-05-05 08:55:32 +0000  2083 bytes for ./UMSocialSDKResources.bundle/UMSocialPlatformTheme/default/umsocial_qzone.png
2020-05-05 08:55:32 +0000  copying file ./UMSocialSDKResources.bundle/UMSocialPlatformTheme/default/umsocial_qq.png ... 
2020-05-05 08:55:32 +0000  3505 bytes for ./UMSocialSDKResources.bundle/UMSocialPlatformTheme/default/umsocial_qq.png
2020-05-05 08:55:32 +0000  copying file ./UMSocialSDKResources.bundle/UMSocialPlatformTheme/default/umsocial_instagram.png ... 
2020-05-05 08:55:32 +0000  1952 bytes for ./UMSocialSDKResources.bundle/UMSocialPlatformTheme/default/umsocial_instagram.png
2020-05-05 08:55:32 +0000  copying file ./AppIcon60x60@2x.png ... 
2020-05-05 08:55:32 +0000  12118 bytes for ./AppIcon60x60@2x.png
2020-05-05 08:55:32 +0000  copying file ./eros.native.json ... 
2020-05-05 08:55:32 +0000  1371 bytes for ./eros.native.json
2020-05-05 08:55:32 +0000  copying file ./arrowInKeyboard@2x.png ... 
2020-05-05 08:55:32 +0000  932 bytes for ./arrowInKeyboard@2x.png
2020-05-05 08:55:32 +0000  copying file ./AppIcon29x29@2x.png ... 
2020-05-05 08:55:32 +0000  4065 bytes for ./AppIcon29x29@2x.png
2020-05-05 08:55:32 +0000  copying file ./LaunchImage-800-667h@2x.png ... 
2020-05-05 08:55:32 +0000  312196 bytes for ./LaunchImage-800-667h@2x.png
2020-05-05 08:55:32 +0000  copying file ./WeexEros ... 
2020-05-05 08:55:33 +0000  138836848 bytes for ./WeexEros
2020-05-05 08:55:33 +0000  copying file ./AppIcon40x40@3x.png ... 
2020-05-05 08:55:33 +0000  12118 bytes for ./AppIcon40x40@3x.png
2020-05-05 08:55:33 +0000  copying file ./TZImagePickerController.bundle/takePicture@2x.png ... 
2020-05-05 08:55:33 +0000  3054 bytes for ./TZImagePickerController.bundle/takePicture@2x.png
2020-05-05 08:55:33 +0000  copying file ./TZImagePickerController.bundle/zh-Hans.lproj/Localizable.strings ... 
2020-05-05 08:55:33 +0000  1902 bytes for ./TZImagePickerController.bundle/zh-Hans.lproj/Localizable.strings
2020-05-05 08:55:33 +0000  copying file ./TZImagePickerController.bundle/photo_sel_photoPickerVc@2x.png ... 
2020-05-05 08:55:33 +0000  1006 bytes for ./TZImagePickerController.bundle/photo_sel_photoPickerVc@2x.png
2020-05-05 08:55:33 +0000  copying file ./TZImagePickerController.bundle/en.lproj/Localizable.strings ... 
2020-05-05 08:55:33 +0000  2594 bytes for ./TZImagePickerController.bundle/en.lproj/Localizable.strings
2020-05-05 08:55:33 +0000  copying file ./TZImagePickerController.bundle/MMVideoPreviewPlayHL@2x.png ... 
2020-05-05 08:55:33 +0000  3645 bytes for ./TZImagePickerController.bundle/MMVideoPreviewPlayHL@2x.png
2020-05-05 08:55:33 +0000  copying file ./TZImagePickerController.bundle/photo_sel_previewVc@2x.png ... 
2020-05-05 08:55:33 +0000  1183 bytes for ./TZImagePickerController.bundle/photo_sel_previewVc@2x.png
2020-05-05 08:55:33 +0000  copying file ./TZImagePickerController.bundle/MMVideoPreviewPlay@2x.png ... 
2020-05-05 08:55:33 +0000  3645 bytes for ./TZImagePickerController.bundle/MMVideoPreviewPlay@2x.png
2020-05-05 08:55:33 +0000  copying file ./TZImagePickerController.bundle/preview_original_def@2x.png ... 
2020-05-05 08:55:33 +0000  392 bytes for ./TZImagePickerController.bundle/preview_original_def@2x.png
2020-05-05 08:55:33 +0000  copying file ./TZImagePickerController.bundle/photo_def_previewVc@2x.png ... 
2020-05-05 08:55:33 +0000  1155 bytes for ./TZImagePickerController.bundle/photo_def_previewVc@2x.png
2020-05-05 08:55:33 +0000  copying file ./TZImagePickerController.bundle/photo_original_sel@2x.png ... 
2020-05-05 08:55:33 +0000  620 bytes for ./TZImagePickerController.bundle/photo_original_sel@2x.png
2020-05-05 08:55:33 +0000  copying file ./TZImagePickerController.bundle/zh-Hant.lproj/Localizable.strings ... 
2020-05-05 08:55:33 +0000  1902 bytes for ./TZImagePickerController.bundle/zh-Hant.lproj/Localizable.strings
2020-05-05 08:55:33 +0000  copying file ./TZImagePickerController.bundle/takePicture80@2x.png ... 
2020-05-05 08:55:33 +0000  1285 bytes for ./TZImagePickerController.bundle/takePicture80@2x.png
2020-05-05 08:55:33 +0000  copying file ./TZImagePickerController.bundle/photo_def_photoPickerVc@2x.png ... 
2020-05-05 08:55:33 +0000  1155 bytes for ./TZImagePickerController.bundle/photo_def_photoPickerVc@2x.png
2020-05-05 08:55:33 +0000  copying file ./TZImagePickerController.bundle/preview_number_icon@2x.png ... 
2020-05-05 08:55:33 +0000  501 bytes for ./TZImagePickerController.bundle/preview_number_icon@2x.png
2020-05-05 08:55:33 +0000  copying file ./TZImagePickerController.bundle/vi.lproj/Localizable.strings ... 
2020-05-05 08:55:33 +0000  1614 bytes for ./TZImagePickerController.bundle/vi.lproj/Localizable.strings
2020-05-05 08:55:33 +0000  copying file ./TZImagePickerController.bundle/navi_back@2x.png ... 
2020-05-05 08:55:33 +0000  116 bytes for ./TZImagePickerController.bundle/navi_back@2x.png
2020-05-05 08:55:33 +0000  copying file ./TZImagePickerController.bundle/photo_original_def@2x.png ... 
2020-05-05 08:55:33 +0000  1602 bytes for ./TZImagePickerController.bundle/photo_original_def@2x.png
2020-05-05 08:55:33 +0000  copying file ./TZImagePickerController.bundle/photo_number_icon@2x.png ... 
2020-05-05 08:55:33 +0000  501 bytes for ./TZImagePickerController.bundle/photo_number_icon@2x.png
2020-05-05 08:55:33 +0000  copying file ./TZImagePickerController.bundle/VideoSendIcon@2x.png ... 
2020-05-05 08:55:33 +0000  223 bytes for ./TZImagePickerController.bundle/VideoSendIcon@2x.png
2020-05-05 08:55:33 +0000  copying file ./weex-rax-api.js ... 
2020-05-05 08:55:33 +0000  118979 bytes for ./weex-rax-api.js
2020-05-05 08:55:33 +0000  copying file ./AppIcon29x29~ipad.png ... 
2020-05-05 08:55:33 +0000  1749 bytes for ./AppIcon29x29~ipad.png
2020-05-05 08:55:33 +0000  copying file ./AppIcon40x40@2x.png ... 
2020-05-05 08:55:33 +0000  6484 bytes for ./AppIcon40x40@2x.png
2020-05-05 08:55:33 +0000  copying file ./AppIcon29x29@3x.png ... 
2020-05-05 08:55:33 +0000  7360 bytes for ./AppIcon29x29@3x.png
2020-05-05 08:55:33 +0000  copying file ./AppIcon60x60@3x.png ... 
2020-05-05 08:55:33 +0000  20675 bytes for ./AppIcon60x60@3x.png
2020-05-05 08:55:33 +0000  copying file ./bm-chart.html ... 
2020-05-05 08:55:33 +0000  1450 bytes for ./bm-chart.html
2020-05-05 08:55:33 +0000  copying file ./bundle.zip ... 
2020-05-05 08:55:33 +0000  3303427 bytes for ./bundle.zip
2020-05-05 08:55:33 +0000  copying file ./Assets.car ... 
2020-05-05 08:55:33 +0000  999727 bytes for ./Assets.car
2020-05-05 08:55:33 +0000  copying file ./AppIcon40x40@2x~ipad.png ... 
2020-05-05 08:55:33 +0000  6484 bytes for ./AppIcon40x40@2x~ipad.png
2020-05-05 08:55:33 +0000  copying file ./bundle.config ... 
2020-05-05 08:55:33 +0000  7277 bytes for ./bundle.config
2020-05-05 08:55:33 +0000  copying file ./AppIcon76x76@2x~ipad.png ... 
2020-05-05 08:55:33 +0000  15720 bytes for ./AppIcon76x76@2x~ipad.png
2020-05-05 08:55:33 +0000  copying file ./LaunchImage-800-Portrait-736h@3x.png ... 
2020-05-05 08:55:33 +0000  680287 bytes for ./LaunchImage-800-Portrait-736h@3x.png
copying file ./LaunchImage-700@2x.png ... 
2020-05-05 08:55:33 +0000  220327 bytes for ./LaunchImage-700@2x.png
2020-05-05 08:55:33 +0000  copying file ./AppIcon83.5x83.5@2x~ipad.png ... 
2020-05-05 08:55:33 +0000  18396 bytes for ./AppIcon83.5x83.5@2x~ipad.png
2020-05-05 08:55:33 +0000  copying file ./LaunchImage-700-568h@2x.png ... 
2020-05-05 08:55:33 +0000  248023 bytes for ./LaunchImage-700-568h@2x.png
2020-05-05 08:55:33 +0000  copying file ./wx_load_error@3x.png ... 
2020-05-05 08:55:33 +0000  18093 bytes for ./wx_load_error@3x.png
2020-05-05 08:55:33 +0000  copying file ./AppIcon29x29@2x~ipad.png ... 
2020-05-05 08:55:33 +0000  4065 bytes for ./AppIcon29x29@2x~ipad.png
2020-05-05 08:55:33 +0000  copying file ./AppIcon40x40~ipad.png ... 
2020-05-05 08:55:33 +0000  2540 bytes for ./AppIcon40x40~ipad.png
2020-05-05 08:55:33 +0000  copying file ./Frameworks/AipOcrSdk.framework/_CodeSignature/CodeResources ... 
2020-05-05 08:55:33 +0000  9912 bytes for ./Frameworks/AipOcrSdk.framework/_CodeSignature/CodeResources
2020-05-05 08:55:33 +0000  copying file ./Frameworks/AipOcrSdk.framework/xuanzhuan@2x.png ... 
1884 bytes for ./Frameworks/AipOcrSdk.framework/xuanzhuan@2x.png
copying file ./Frameworks/AipOcrSdk.framework/Page 1@3x.png ... 
2020-05-05 08:55:33 +0000  6773 bytes for ./Frameworks/AipOcrSdk.framework/Page 1@3x.png
2020-05-05 08:55:33 +0000  copying file ./Frameworks/AipOcrSdk.framework/guanbi@2x.png ... 
2020-05-05 08:55:33 +0000  949 bytes for ./Frameworks/AipOcrSdk.framework/guanbi@2x.png
2020-05-05 08:55:33 +0000  copying file ./Frameworks/AipOcrSdk.framework/guanbi@3x.png ... 
2020-05-05 08:55:33 +0000  1666 bytes for ./Frameworks/AipOcrSdk.framework/guanbi@3x.png
2020-05-05 08:55:33 +0000  copying file ./Frameworks/AipOcrSdk.framework/Page 1@2x.png ... 
2020-05-05 08:55:33 +0000  4455 bytes for ./Frameworks/AipOcrSdk.framework/Page 1@2x.png
copying file ./Frameworks/AipOcrSdk.framework/xuanzhuan@3x.png ... 
2020-05-05 08:55:33 +0000  2652 bytes for ./Frameworks/AipOcrSdk.framework/xuanzhuan@3x.png
2020-05-05 08:55:33 +0000  copying file ./Frameworks/AipOcrSdk.framework/guan@2x.png ... 
2020-05-05 08:55:33 +0000  428 bytes for ./Frameworks/AipOcrSdk.framework/guan@2x.png
2020-05-05 08:55:33 +0000  copying file ./Frameworks/AipOcrSdk.framework/queding@2x.png ... 
2020-05-05 08:55:33 +0000  814 bytes for ./Frameworks/AipOcrSdk.framework/queding@2x.png
2020-05-05 08:55:33 +0000  copying file ./Frameworks/AipOcrSdk.framework/AipOcrSdk ... 
2020-05-05 08:55:33 +0000  2744336 bytes for ./Frameworks/AipOcrSdk.framework/AipOcrSdk
2020-05-05 08:55:33 +0000  copying file ./Frameworks/AipOcrSdk.framework/queding@3x.png ... 
2020-05-05 08:55:33 +0000  1259 bytes for ./Frameworks/AipOcrSdk.framework/queding@3x.png
copying file ./Frameworks/AipOcrSdk.framework/guan@3x.png ... 
2020-05-05 08:55:33 +0000  601 bytes for ./Frameworks/AipOcrSdk.framework/guan@3x.png
copying file ./Frameworks/AipOcrSdk.framework/xuxian@3x.png ... 
2020-05-05 08:55:33 +0000  11724 bytes for ./Frameworks/AipOcrSdk.framework/xuxian@3x.png
2020-05-05 08:55:33 +0000  copying file ./Frameworks/AipOcrSdk.framework/paizhaoanniu_dianjihou@2x.png ... 
2020-05-05 08:55:33 +0000  5951 bytes for ./Frameworks/AipOcrSdk.framework/paizhaoanniu_dianjihou@2x.png
2020-05-05 08:55:33 +0000  copying file ./Frameworks/AipOcrSdk.framework/dengpao_dianjihou@2x.png ... 
2020-05-05 08:55:33 +0000  1875 bytes for ./Frameworks/AipOcrSdk.framework/dengpao_dianjihou@2x.png
2020-05-05 08:55:33 +0000  copying file ./Frameworks/AipOcrSdk.framework/tuku@2x.png ... 
2020-05-05 08:55:33 +0000  1258 bytes for ./Frameworks/AipOcrSdk.framework/tuku@2x.png
2020-05-05 08:55:33 +0000  copying file ./Frameworks/AipOcrSdk.framework/tuku@3x.png ... 
2020-05-05 08:55:33 +0000  2013 bytes for ./Frameworks/AipOcrSdk.framework/tuku@3x.png
2020-05-05 08:55:33 +0000  copying file ./Frameworks/AipOcrSdk.framework/dengpao_dianjihou@3x.png ... 
2020-05-05 08:55:33 +0000  2874 bytes for ./Frameworks/AipOcrSdk.framework/dengpao_dianjihou@3x.png
2020-05-05 08:55:33 +0000  copying file ./Frameworks/AipOcrSdk.framework/paizhaoanniu_dianjihou@3x.png ... 
2020-05-05 08:55:33 +0000  9059 bytes for ./Frameworks/AipOcrSdk.framework/paizhaoanniu_dianjihou@3x.png
2020-05-05 08:55:33 +0000  copying file ./Frameworks/AipOcrSdk.framework/xuxian@2x.png ... 
2020-05-05 08:55:33 +0000  7502 bytes for ./Frameworks/AipOcrSdk.framework/xuxian@2x.png
2020-05-05 08:55:33 +0000  copying file ./Frameworks/AipOcrSdk.framework/dengpao@3x.png ... 
2020-05-05 08:55:33 +0000  2391 bytes for ./Frameworks/AipOcrSdk.framework/dengpao@3x.png
2020-05-05 08:55:33 +0000  copying file ./Frameworks/AipOcrSdk.framework/paizhaoanniu@3x.png ... 
2020-05-05 08:55:33 +0000  8455 bytes for ./Frameworks/AipOcrSdk.framework/paizhaoanniu@3x.png
2020-05-05 08:55:33 +0000  copying file ./Frameworks/AipOcrSdk.framework/dengpao@2x.png ... 
2020-05-05 08:55:33 +0000  1521 bytes for ./Frameworks/AipOcrSdk.framework/dengpao@2x.png
2020-05-05 08:55:33 +0000  copying file ./Frameworks/AipOcrSdk.framework/paizhaoanniu@2x.png ... 
2020-05-05 08:55:33 +0000  5549 bytes for ./Frameworks/AipOcrSdk.framework/paizhaoanniu@2x.png
2020-05-05 08:55:33 +0000  copying file ./Frameworks/AipOcrSdk.framework/AipOcrSdk.storyboardc/qVB-bS-VcD-view-pEK-B6-uAC.nib ... 
2020-05-05 08:55:33 +0000  7199 bytes for ./Frameworks/AipOcrSdk.framework/AipOcrSdk.storyboardc/qVB-bS-VcD-view-pEK-B6-uAC.nib
2020-05-05 08:55:33 +0000  copying file ./Frameworks/AipOcrSdk.framework/AipOcrSdk.storyboardc/AipGeneralVC.nib ... 
2020-05-05 08:55:33 +0000  1021 bytes for ./Frameworks/AipOcrSdk.framework/AipOcrSdk.storyboardc/AipGeneralVC.nib
2020-05-05 08:55:33 +0000  copying file ./Frameworks/AipOcrSdk.framework/AipOcrSdk.storyboardc/ANZ-N0-y67-view-Tv2-ge-o8Q.nib ... 
2020-05-05 08:55:33 +0000  9767 bytes for ./Frameworks/AipOcrSdk.framework/AipOcrSdk.storyboardc/ANZ-N0-y67-view-Tv2-ge-o8Q.nib
2020-05-05 08:55:33 +0000  copying file ./Frameworks/AipOcrSdk.framework/AipOcrSdk.storyboardc/AipCaptureCardVC.nib ... 
2020-05-05 08:55:33 +0000  1025 bytes for ./Frameworks/AipOcrSdk.framework/AipOcrSdk.storyboardc/AipCaptureCardVC.nib
2020-05-05 08:55:33 +0000  copying file ./Frameworks/AipOcrSdk.framework/AipOcrSdk.storyboardc/Info.plist ... 
2020-05-05 08:55:33 +0000  187 bytes for ./Frameworks/AipOcrSdk.framework/AipOcrSdk.storyboardc/Info.plist
2020-05-05 08:55:33 +0000  copying file ./Frameworks/AipOcrSdk.framework/Info.plist ... 
2020-05-05 08:55:33 +0000  704 bytes for ./Frameworks/AipOcrSdk.framework/Info.plist
2020-05-05 08:55:33 +0000  copying file ./Frameworks/AipBase.framework/_CodeSignature/CodeResources ... 
2020-05-05 08:55:33 +0000  1798 bytes for ./Frameworks/AipBase.framework/_CodeSignature/CodeResources
2020-05-05 08:55:33 +0000  copying file ./Frameworks/AipBase.framework/AipBase ... 
2020-05-05 08:55:33 +0000  611088 bytes for ./Frameworks/AipBase.framework/AipBase
copying file ./Frameworks/AipBase.framework/Info.plist ... 
2020-05-05 08:55:33 +0000  708 bytes for ./Frameworks/AipBase.framework/Info.plist
2020-05-05 08:55:33 +0000  copying file ./Frameworks/IdcardQuality.framework/_CodeSignature/CodeResources ... 
2020-05-05 08:55:33 +0000  2422 bytes for ./Frameworks/IdcardQuality.framework/_CodeSignature/CodeResources
2020-05-05 08:55:33 +0000  copying file ./Frameworks/IdcardQuality.framework/IdcardQuality ... 
2020-05-05 08:55:33 +0000  5589568 bytes for ./Frameworks/IdcardQuality.framework/IdcardQuality
2020-05-05 08:55:33 +0000  copying file ./Frameworks/IdcardQuality.framework/quality_model_secret.bin ... 
2020-05-05 08:55:33 +0000  105419 bytes for ./Frameworks/IdcardQuality.framework/quality_model_secret.bin
2020-05-05 08:55:33 +0000  copying file ./Frameworks/IdcardQuality.framework/integrity_model_secret.bin ... 
2020-05-05 08:55:33 +0000  106187 bytes for ./Frameworks/IdcardQuality.framework/integrity_model_secret.bin
2020-05-05 08:55:33 +0000  copying file ./Frameworks/IdcardQuality.framework/Info.plist ... 
2020-05-05 08:55:33 +0000  730 bytes for ./Frameworks/IdcardQuality.framework/Info.plist
2020-05-05 08:55:33 +0000  copying file ./AppIcon20x20~ipad.png ... 
2020-05-05 08:55:33 +0000  1118 bytes for ./AppIcon20x20~ipad.png
2020-05-05 08:55:33 +0000  copying file ./CalendarReightArrows@3x.png ... 
2020-05-05 08:55:33 +0000  1501 bytes for ./CalendarReightArrows@3x.png
2020-05-05 08:55:33 +0000  copying file ./embedded.mobileprovision ... 
2020-05-05 08:55:33 +0000  11290 bytes for ./embedded.mobileprovision
2020-05-05 08:55:33 +0000  copying file ./SVProgressHUD.bundle/info.png ... 
2020-05-05 08:55:33 +0000  365 bytes for ./SVProgressHUD.bundle/info.png
2020-05-05 08:55:33 +0000  copying file ./SVProgressHUD.bundle/error@3x.png ... 
2020-05-05 08:55:33 +0000  398 bytes for ./SVProgressHUD.bundle/error@3x.png
2020-05-05 08:55:33 +0000  copying file ./SVProgressHUD.bundle/angle-mask@3x.png ... 
2020-05-05 08:55:33 +0000  8319 bytes for ./SVProgressHUD.bundle/angle-mask@3x.png
2020-05-05 08:55:33 +0000  copying file ./SVProgressHUD.bundle/angle-mask@2x.png ... 
2020-05-05 08:55:33 +0000  4893 bytes for ./SVProgressHUD.bundle/angle-mask@2x.png
2020-05-05 08:55:33 +0000  copying file ./SVProgressHUD.bundle/error@2x.png ... 
2020-05-05 08:55:33 +0000  306 bytes for ./SVProgressHUD.bundle/error@2x.png
2020-05-05 08:55:33 +0000  copying file ./SVProgressHUD.bundle/info@3x.png ... 
2020-05-05 08:55:33 +0000  1200 bytes for ./SVProgressHUD.bundle/info@3x.png
2020-05-05 08:55:33 +0000  copying file ./SVProgressHUD.bundle/success@2x.png ... 
2020-05-05 08:55:33 +0000  462 bytes for ./SVProgressHUD.bundle/success@2x.png
2020-05-05 08:55:33 +0000  copying file ./SVProgressHUD.bundle/success@3x.png ... 
2020-05-05 08:55:33 +0000  714 bytes for ./SVProgressHUD.bundle/success@3x.png
2020-05-05 08:55:33 +0000  copying file ./SVProgressHUD.bundle/info@2x.png ... 
2020-05-05 08:55:33 +0000  816 bytes for ./SVProgressHUD.bundle/info@2x.png
2020-05-05 08:55:33 +0000  copying file ./SVProgressHUD.bundle/error.png ... 
2020-05-05 08:55:33 +0000  184 bytes for ./SVProgressHUD.bundle/error.png
2020-05-05 08:55:33 +0000  copying file ./SVProgressHUD.bundle/success.png ... 
2020-05-05 08:55:33 +0000  262 bytes for ./SVProgressHUD.bundle/success.png
2020-05-05 08:55:33 +0000  copying file ./SVProgressHUD.bundle/angle-mask.png ... 
2020-05-05 08:55:33 +0000  1845 bytes for ./SVProgressHUD.bundle/angle-mask.png
2020-05-05 08:55:33 +0000  copying file ./weex-polyfill.js ... 
2020-05-05 08:55:33 +0000  20054 bytes for ./weex-polyfill.js
2020-05-05 08:55:33 +0000  copying file ./CalendarReightArrows@2x.png ... 
2020-05-05 08:55:33 +0000  1324 bytes for ./CalendarReightArrows@2x.png
2020-05-05 08:55:33 +0000  copying file ./native-bundle-main.js ... 
2020-05-05 08:55:33 +0000  256178 bytes for ./native-bundle-main.js
2020-05-05 08:55:33 +0000  copying file ./AppIcon20x20@2x~ipad.png ... 
2020-05-05 08:55:33 +0000  2540 bytes for ./AppIcon20x20@2x~ipad.png
2020-05-05 08:55:33 +0000  copying file ./weex-main-jsfm.js ... 
2020-05-05 08:55:33 +0000  179669 bytes for ./weex-main-jsfm.js
2020-05-05 08:55:33 +0000  copying file ./Info.plist ... 
2020-05-05 08:55:33 +0000  4234 bytes for ./Info.plist
copying file ./echarts.min.js ... 
2020-05-05 08:55:33 +0000  666127 bytes for ./echarts.min.js
2020-05-05 08:55:33 +0000  copying file ./PkgInfo ... 
2020-05-05 08:55:33 +0000  8 bytes for ./PkgInfo
2020-05-05 08:55:33 +0000  copying file ./AppIcon76x76~ipad.png ... 
2020-05-05 08:55:33 +0000  6051 bytes for ./AppIcon76x76~ipad.png
2020-05-05 08:55:33 +0000  copying file ./aip.license ... 
2020-05-05 08:55:33 +0000  80 bytes for ./aip.license
2020-05-05 08:55:33 +0000  /usr/bin/ditto exited with 0
2020-05-05 08:55:33 +0000  Processing step: IDEDistributionEmbedProfileStep
2020-05-05 08:55:33 +0000  Skipping profile for item: <IDEDistributionItem: 0x7fc10624a8f0; bundleID='com.baidu.AipBase.AipBase', path='<DVTFilePath:0x7fc10629ebf0:'/Users/mac/Library/Developer/Xcode/Archives/2020-05-05/多能 2020-5-5, 4.52 PM.xcarchive/Products/Applications/WeexEros.app/Frameworks/AipBase.framework'>', codeSigningInfo='<_DVTCodeSigningInformation_Path: 0x7fc107c804b0; isSigned='1', isAdHocSigned='0', signingCertificate='<DVTSigningCertificate: 0x7fc107ca9570; name='Apple Development: Bin An (W246VC58DM)', hash='FC6E4BC115F68DCAE35A60080E9D024715ED9ECA', serialNumber='150B14E5F659075D', certificateKinds='(
    "1.2.840.113635.100.6.1.12",
    "1.2.840.113635.100.6.1.2"
), issueDate='2020-04-11 02:29:15 +0000''>', entitlements='(null)', teamID='73PRWV2A43', identifier='com.baidu.AipBase.AipBase', executablePath='<DVTFilePath:0x7fc107cd2580:'/Users/mac/Library/Developer/Xcode/Archives/2020-05-05/多能 2020-5-5, 4.52 PM.xcarchive/Products/Applications/WeexEros.app/Frameworks/AipBase.framework/AipBase'>', hardenedRuntime='0'>'>
2020-05-05 08:55:33 +0000  Skipping profile for item: <IDEDistributionItem: 0x7fc107c81010; bundleID='com.baidu.AipOcrSdk', path='<DVTFilePath:0x7fc1062b5400:'/Users/mac/Library/Developer/Xcode/Archives/2020-05-05/多能 2020-5-5, 4.52 PM.xcarchive/Products/Applications/WeexEros.app/Frameworks/AipOcrSdk.framework'>', codeSigningInfo='<_DVTCodeSigningInformation_Path: 0x7fc10627c9b0; isSigned='1', isAdHocSigned='0', signingCertificate='<DVTSigningCertificate: 0x7fc107ca9570; name='Apple Development: Bin An (W246VC58DM)', hash='FC6E4BC115F68DCAE35A60080E9D024715ED9ECA', serialNumber='150B14E5F659075D', certificateKinds='(
    "1.2.840.113635.100.6.1.12",
    "1.2.840.113635.100.6.1.2"
), issueDate='2020-04-11 02:29:15 +0000''>', entitlements='(null)', teamID='73PRWV2A43', identifier='com.baidu.AipOcrSdk', executablePath='<DVTFilePath:0x7fc1062ae2a0:'/Users/mac/Library/Developer/Xcode/Archives/2020-05-05/多能 2020-5-5, 4.52 PM.xcarchive/Products/Applications/WeexEros.app/Frameworks/AipOcrSdk.framework/AipOcrSdk'>', hardenedRuntime='0'>'>
2020-05-05 08:55:33 +0000  Skipping profile for item: <IDEDistributionItem: 0x7fc106250850; bundleID='com.baidu.IdcardQuality', path='<DVTFilePath:0x7fc106298ca0:'/Users/mac/Library/Developer/Xcode/Archives/2020-05-05/多能 2020-5-5, 4.52 PM.xcarchive/Products/Applications/WeexEros.app/Frameworks/IdcardQuality.framework'>', codeSigningInfo='<_DVTCodeSigningInformation_Path: 0x7fc107c81540; isSigned='1', isAdHocSigned='0', signingCertificate='<DVTSigningCertificate: 0x7fc107ca9570; name='Apple Development: Bin An (W246VC58DM)', hash='FC6E4BC115F68DCAE35A60080E9D024715ED9ECA', serialNumber='150B14E5F659075D', certificateKinds='(
    "1.2.840.113635.100.6.1.12",
    "1.2.840.113635.100.6.1.2"
), issueDate='2020-04-11 02:29:15 +0000''>', entitlements='(null)', teamID='73PRWV2A43', identifier='com.baidu.IdcardQuality', executablePath='<DVTFilePath:0x7fc105197080:'/Users/mac/Library/Developer/Xcode/Archives/2020-05-05/多能 2020-5-5, 4.52 PM.xcarchive/Products/Applications/WeexEros.app/Frameworks/IdcardQuality.framework/IdcardQuality'>', hardenedRuntime='0'>'>
2020-05-05 08:55:33 +0000  Processing step: IDEDistributionInfoPlistStep
2020-05-05 08:55:33 +0000  Skipping step: IDEDistributionInfoPlistStep because it said so
2020-05-05 08:55:33 +0000  Skipping step: IDEDistributionInfoPlistStep because it said so
2020-05-05 08:55:33 +0000  Skipping step: IDEDistributionInfoPlistStep because it said so
2020-05-05 08:55:33 +0000  Skipping step: IDEDistributionInfoPlistStep because it said so
2020-05-05 08:55:33 +0000  Processing step: IDEDistributionItemRemovalStep
2020-05-05 08:55:33 +0000  Processing step: IDEDistributionAppThinningPlistStep
2020-05-05 08:55:33 +0000  Skipping step: IDEDistributionAppThinningPlistStep because it said so
2020-05-05 08:55:33 +0000  Processing step: IDEDistributionCompileBitcodeStep
2020-05-05 08:55:33 +0000  Skipping step: IDEDistributionCompileBitcodeStep because it said so
2020-05-05 08:55:33 +0000  Processing step: IDEDistributionCodeSlimmingStep
2020-05-05 08:55:34 +0000  Processing step: IDEDistributionCopyBCSymbolMapsStep
2020-05-05 08:55:34 +0000  Skipping step: IDEDistributionCopyBCSymbolMapsStep because it said so
2020-05-05 08:55:34 +0000  Skipping step: IDEDistributionCopyBCSymbolMapsStep because it said so
2020-05-05 08:55:34 +0000  Skipping step: IDEDistributionCopyBCSymbolMapsStep because it said so
2020-05-05 08:55:34 +0000  Skipping step: IDEDistributionCopyBCSymbolMapsStep because it said so
2020-05-05 08:55:34 +0000  Processing step: IDEDistributionSymbolsStep
2020-05-05 08:55:34 +0000  Skipping step: IDEDistributionSymbolsStep because it said so
2020-05-05 08:55:34 +0000  Skipping step: IDEDistributionSymbolsStep because it said so
2020-05-05 08:55:34 +0000  Skipping step: IDEDistributionSymbolsStep because it said so
2020-05-05 08:55:34 +0000  Skipping step: IDEDistributionSymbolsStep because it said so
2020-05-05 08:55:34 +0000  Processing step: IDEDistributionCopyAppleProvidedContentStep
2020-05-05 08:55:34 +0000  Processing step: IDEDistributionAppThinningStep
2020-05-05 08:55:34 +0000  Skipping step: IDEDistributionAppThinningStep because it said so
2020-05-05 08:55:34 +0000  Processing step: IDEDistributionArchThinningStep
2020-05-05 08:55:34 +0000  Running /Applications/Xcode.app/Contents/Developer/Toolchains/XcodeDefault.xctoolchain/usr/bin/lipo '/var/folders/x9/dg08tzcn4_x7kmjdhsnj1q3c0000gn/T/XcodeDistPipeline.~~~DESWQ7/Root/Payload/WeexEros.app/Frameworks/AipBase.framework/AipBase' '-verify_arch' 'arm64e'
2020-05-05 08:55:34 +0000  /Applications/Xcode.app/Contents/Developer/Toolchains/XcodeDefault.xctoolchain/usr/bin/lipo exited with 1
2020-05-05 08:55:34 +0000  Skipping architecture thinning for item "AipBase" because arch "arm64e" wasn't found
2020-05-05 08:55:34 +0000  Running /Applications/Xcode.app/Contents/Developer/Toolchains/XcodeDefault.xctoolchain/usr/bin/lipo '/var/folders/x9/dg08tzcn4_x7kmjdhsnj1q3c0000gn/T/XcodeDistPipeline.~~~DESWQ7/Root/Payload/WeexEros.app/Frameworks/AipOcrSdk.framework/AipOcrSdk' '-verify_arch' 'arm64e'
2020-05-05 08:55:34 +0000  /Applications/Xcode.app/Contents/Developer/Toolchains/XcodeDefault.xctoolchain/usr/bin/lipo exited with 1
2020-05-05 08:55:34 +0000  Skipping architecture thinning for item "AipOcrSdk" because arch "arm64e" wasn't found
2020-05-05 08:55:34 +0000  Running /Applications/Xcode.app/Contents/Developer/Toolchains/XcodeDefault.xctoolchain/usr/bin/lipo '/var/folders/x9/dg08tzcn4_x7kmjdhsnj1q3c0000gn/T/XcodeDistPipeline.~~~DESWQ7/Root/Payload/WeexEros.app/Frameworks/IdcardQuality.framework/IdcardQuality' '-verify_arch' 'arm64e'
2020-05-05 08:55:34 +0000  /Applications/Xcode.app/Contents/Developer/Toolchains/XcodeDefault.xctoolchain/usr/bin/lipo exited with 1
2020-05-05 08:55:34 +0000  Skipping architecture thinning for item "IdcardQuality" because arch "arm64e" wasn't found
2020-05-05 08:55:34 +0000  Running /Applications/Xcode.app/Contents/Developer/Toolchains/XcodeDefault.xctoolchain/usr/bin/lipo '/var/folders/x9/dg08tzcn4_x7kmjdhsnj1q3c0000gn/T/XcodeDistPipeline.~~~DESWQ7/Root/Payload/WeexEros.app/WeexEros' '-verify_arch' 'arm64e'
2020-05-05 08:55:34 +0000  /Applications/Xcode.app/Contents/Developer/Toolchains/XcodeDefault.xctoolchain/usr/bin/lipo exited with 1
2020-05-05 08:55:34 +0000  Skipping architecture thinning for item "WeexEros" because arch "arm64e" wasn't found
2020-05-05 08:55:34 +0000  Processing step: IDEDistributionODRStep
2020-05-05 08:55:34 +0000  Processing step: IDEDistributionStripXattrsStep
2020-05-05 08:55:34 +0000  Skipping stripping extended attributes of item: <IDEDistributionItem: 0x7fc10624a8f0; bundleID='com.baidu.AipBase.AipBase', path='<DVTFilePath:0x7fc10629ebf0:'/Users/mac/Library/Developer/Xcode/Archives/2020-05-05/多能 2020-5-5, 4.52 PM.xcarchive/Products/Applications/WeexEros.app/Frameworks/AipBase.framework'>', codeSigningInfo='<_DVTCodeSigningInformation_Path: 0x7fc107c804b0; isSigned='1', isAdHocSigned='0', signingCertificate='<DVTSigningCertificate: 0x7fc107ccd3b0; name='Apple Development: Bin An (W246VC58DM)', hash='FC6E4BC115F68DCAE35A60080E9D024715ED9ECA', serialNumber='150B14E5F659075D', certificateKinds='(
    "1.2.840.113635.100.6.1.12",
    "1.2.840.113635.100.6.1.2"
), issueDate='2020-04-11 02:29:15 +0000''>', entitlements='(null)', teamID='73PRWV2A43', identifier='com.baidu.AipBase.AipBase', executablePath='<DVTFilePath:0x7fc107cd2580:'/Users/mac/Library/Developer/Xcode/Archives/2020-05-05/多能 2020-5-5, 4.52 PM.xcarchive/Products/Applications/WeexEros.app/Frameworks/AipBase.framework/AipBase'>', hardenedRuntime='0'>'>
2020-05-05 08:55:34 +0000  Skipping stripping extended attributes of item: <IDEDistributionItem: 0x7fc107c81010; bundleID='com.baidu.AipOcrSdk', path='<DVTFilePath:0x7fc1062b5400:'/Users/mac/Library/Developer/Xcode/Archives/2020-05-05/多能 2020-5-5, 4.52 PM.xcarchive/Products/Applications/WeexEros.app/Frameworks/AipOcrSdk.framework'>', codeSigningInfo='<_DVTCodeSigningInformation_Path: 0x7fc10627c9b0; isSigned='1', isAdHocSigned='0', signingCertificate='<DVTSigningCertificate: 0x7fc1051ae290; name='Apple Development: Bin An (W246VC58DM)', hash='FC6E4BC115F68DCAE35A60080E9D024715ED9ECA', serialNumber='150B14E5F659075D', certificateKinds='(
    "1.2.840.113635.100.6.1.12",
    "1.2.840.113635.100.6.1.2"
), issueDate='2020-04-11 02:29:15 +0000''>', entitlements='(null)', teamID='73PRWV2A43', identifier='com.baidu.AipOcrSdk', executablePath='<DVTFilePath:0x7fc1062ae2a0:'/Users/mac/Library/Developer/Xcode/Archives/2020-05-05/多能 2020-5-5, 4.52 PM.xcarchive/Products/Applications/WeexEros.app/Frameworks/AipOcrSdk.framework/AipOcrSdk'>', hardenedRuntime='0'>'>
2020-05-05 08:55:34 +0000  Skipping stripping extended attributes of item: <IDEDistributionItem: 0x7fc106250850; bundleID='com.baidu.IdcardQuality', path='<DVTFilePath:0x7fc106298ca0:'/Users/mac/Library/Developer/Xcode/Archives/2020-05-05/多能 2020-5-5, 4.52 PM.xcarchive/Products/Applications/WeexEros.app/Frameworks/IdcardQuality.framework'>', codeSigningInfo='<_DVTCodeSigningInformation_Path: 0x7fc107c81540; isSigned='1', isAdHocSigned='0', signingCertificate='<DVTSigningCertificate: 0x7fc1285962c0; name='Apple Development: Bin An (W246VC58DM)', hash='FC6E4BC115F68DCAE35A60080E9D024715ED9ECA', serialNumber='150B14E5F659075D', certificateKinds='(
    "1.2.840.113635.100.6.1.12",
    "1.2.840.113635.100.6.1.2"
), issueDate='2020-04-11 02:29:15 +0000''>', entitlements='(null)', teamID='73PRWV2A43', identifier='com.baidu.IdcardQuality', executablePath='<DVTFilePath:0x7fc105197080:'/Users/mac/Library/Developer/Xcode/Archives/2020-05-05/多能 2020-5-5, 4.52 PM.xcarchive/Products/Applications/WeexEros.app/Frameworks/IdcardQuality.framework/IdcardQuality'>', hardenedRuntime='0'>'>
2020-05-05 08:55:34 +0000  Running /usr/bin/xattr '-crs' '/var/folders/x9/dg08tzcn4_x7kmjdhsnj1q3c0000gn/T/XcodeDistPipeline.~~~DESWQ7/Root/Payload/WeexEros.app'
2020-05-05 08:55:35 +0000  /usr/bin/xattr exited with 0
2020-05-05 08:55:35 +0000  Processing step: IDEDistributionCodesignStep
2020-05-05 08:55:35 +0000  Entitlements for <IDEDistributionItem: 0x7fc10624a8f0; bundleID='com.baidu.AipBase.AipBase', path='<DVTFilePath:0x7fc10629ebf0:'/Users/mac/Library/Developer/Xcode/Archives/2020-05-05/多能 2020-5-5, 4.52 PM.xcarchive/Products/Applications/WeexEros.app/Frameworks/AipBase.framework'>', codeSigningInfo='<_DVTCodeSigningInformation_Path: 0x7fc107c804b0; isSigned='1', isAdHocSigned='0', signingCertificate='<DVTSigningCertificate: 0x7fc1063c6e50; name='Apple Development: Bin An (W246VC58DM)', hash='FC6E4BC115F68DCAE35A60080E9D024715ED9ECA', serialNumber='150B14E5F659075D', certificateKinds='(
    "1.2.840.113635.100.6.1.12",
    "1.2.840.113635.100.6.1.2"
), issueDate='2020-04-11 02:29:15 +0000''>', entitlements='(null)', teamID='73PRWV2A43', identifier='com.baidu.AipBase.AipBase', executablePath='<DVTFilePath:0x7fc107cd2580:'/Users/mac/Library/Developer/Xcode/Archives/2020-05-05/多能 2020-5-5, 4.52 PM.xcarchive/Products/Applications/WeexEros.app/Frameworks/AipBase.framework/AipBase'>', hardenedRuntime='0'>'>: {
}
2020-05-05 08:55:35 +0000  Writing entitlements for <IDEDistributionItem: 0x7fc10624a8f0; bundleID='com.baidu.AipBase.AipBase', path='<DVTFilePath:0x7fc10629ebf0:'/Users/mac/Library/Developer/Xcode/Archives/2020-05-05/多能 2020-5-5, 4.52 PM.xcarchive/Products/Applications/WeexEros.app/Frameworks/AipBase.framework'>', codeSigningInfo='<_DVTCodeSigningInformation_Path: 0x7fc107c804b0; isSigned='1', isAdHocSigned='0', signingCertificate='<DVTSigningCertificate: 0x7fc113690dc0; name='Apple Development: Bin An (W246VC58DM)', hash='FC6E4BC115F68DCAE35A60080E9D024715ED9ECA', serialNumber='150B14E5F659075D', certificateKinds='(
    "1.2.840.113635.100.6.1.12",
    "1.2.840.113635.100.6.1.2"
), issueDate='2020-04-11 02:29:15 +0000''>', entitlements='(null)', teamID='73PRWV2A43', identifier='com.baidu.AipBase.AipBase', executablePath='<DVTFilePath:0x7fc107cd2580:'/Users/mac/Library/Developer/Xcode/Archives/2020-05-05/多能 2020-5-5, 4.52 PM.xcarchive/Products/Applications/WeexEros.app/Frameworks/AipBase.framework/AipBase'>', hardenedRuntime='0'>'> to: /var/folders/x9/dg08tzcn4_x7kmjdhsnj1q3c0000gn/T/XcodeDistPipeline.~~~DESWQ7/entitlements~~~te8QH5
2020-05-05 08:55:35 +0000  Running /usr/bin/codesign '-vvv' '--force' '--sign' 'B99A972C2B5AEF5F2090103DCF118D8727F1E2E2' '--entitlements' '/var/folders/x9/dg08tzcn4_x7kmjdhsnj1q3c0000gn/T/XcodeDistPipeline.~~~DESWQ7/entitlements~~~te8QH5' '--preserve-metadata=identifier,flags,runtime' '/var/folders/x9/dg08tzcn4_x7kmjdhsnj1q3c0000gn/T/XcodeDistPipeline.~~~DESWQ7/Root/Payload/WeexEros.app/Frameworks/AipBase.framework'
2020-05-05 08:55:35 +0000  /var/folders/x9/dg08tzcn4_x7kmjdhsnj1q3c0000gn/T/XcodeDistPipeline.~~~DESWQ7/Root/Payload/WeexEros.app/Frameworks/AipBase.framework: signed bundle with Mach-O universal (armv7 arm64) [com.baidu.AipBase.AipBase]
2020-05-05 08:55:35 +0000  /usr/bin/codesign exited with 0
2020-05-05 08:55:36 +0000  Entitlements for <IDEDistributionItem: 0x7fc107c81010; bundleID='com.baidu.AipOcrSdk', path='<DVTFilePath:0x7fc1062b5400:'/Users/mac/Library/Developer/Xcode/Archives/2020-05-05/多能 2020-5-5, 4.52 PM.xcarchive/Products/Applications/WeexEros.app/Frameworks/AipOcrSdk.framework'>', codeSigningInfo='<_DVTCodeSigningInformation_Path: 0x7fc10627c9b0; isSigned='1', isAdHocSigned='0', signingCertificate='<DVTSigningCertificate: 0x7fc1062980a0; name='Apple Development: Bin An (W246VC58DM)', hash='FC6E4BC115F68DCAE35A60080E9D024715ED9ECA', serialNumber='150B14E5F659075D', certificateKinds='(
    "1.2.840.113635.100.6.1.12",
    "1.2.840.113635.100.6.1.2"
), issueDate='2020-04-11 02:29:15 +0000''>', entitlements='(null)', teamID='73PRWV2A43', identifier='com.baidu.AipOcrSdk', executablePath='<DVTFilePath:0x7fc1062ae2a0:'/Users/mac/Library/Developer/Xcode/Archives/2020-05-05/多能 2020-5-5, 4.52 PM.xcarchive/Products/Applications/WeexEros.app/Frameworks/AipOcrSdk.framework/AipOcrSdk'>', hardenedRuntime='0'>'>: {
}
2020-05-05 08:55:36 +0000  Writing entitlements for <IDEDistributionItem: 0x7fc107c81010; bundleID='com.baidu.AipOcrSdk', path='<DVTFilePath:0x7fc1062b5400:'/Users/mac/Library/Developer/Xcode/Archives/2020-05-05/多能 2020-5-5, 4.52 PM.xcarchive/Products/Applications/WeexEros.app/Frameworks/AipOcrSdk.framework'>', codeSigningInfo='<_DVTCodeSigningInformation_Path: 0x7fc10627c9b0; isSigned='1', isAdHocSigned='0', signingCertificate='<DVTSigningCertificate: 0x7fc107ccd3b0; name='Apple Development: Bin An (W246VC58DM)', hash='FC6E4BC115F68DCAE35A60080E9D024715ED9ECA', serialNumber='150B14E5F659075D', certificateKinds='(
    "1.2.840.113635.100.6.1.12",
    "1.2.840.113635.100.6.1.2"
), issueDate='2020-04-11 02:29:15 +0000''>', entitlements='(null)', teamID='73PRWV2A43', identifier='com.baidu.AipOcrSdk', executablePath='<DVTFilePath:0x7fc1062ae2a0:'/Users/mac/Library/Developer/Xcode/Archives/2020-05-05/多能 2020-5-5, 4.52 PM.xcarchive/Products/Applications/WeexEros.app/Frameworks/AipOcrSdk.framework/AipOcrSdk'>', hardenedRuntime='0'>'> to: /var/folders/x9/dg08tzcn4_x7kmjdhsnj1q3c0000gn/T/XcodeDistPipeline.~~~DESWQ7/entitlements~~~byzhCa
2020-05-05 08:55:36 +0000  Running /usr/bin/codesign '-vvv' '--force' '--sign' 'B99A972C2B5AEF5F2090103DCF118D8727F1E2E2' '--entitlements' '/var/folders/x9/dg08tzcn4_x7kmjdhsnj1q3c0000gn/T/XcodeDistPipeline.~~~DESWQ7/entitlements~~~byzhCa' '--preserve-metadata=identifier,flags,runtime' '/var/folders/x9/dg08tzcn4_x7kmjdhsnj1q3c0000gn/T/XcodeDistPipeline.~~~DESWQ7/Root/Payload/WeexEros.app/Frameworks/AipOcrSdk.framework'
2020-05-05 08:55:36 +0000  /var/folders/x9/dg08tzcn4_x7kmjdhsnj1q3c0000gn/T/XcodeDistPipeline.~~~DESWQ7/Root/Payload/WeexEros.app/Frameworks/AipOcrSdk.framework: signed bundle with Mach-O universal (armv7 arm64) [com.baidu.AipOcrSdk]
2020-05-05 08:55:36 +0000  /usr/bin/codesign exited with 0
2020-05-05 08:55:36 +0000  Entitlements for <IDEDistributionItem: 0x7fc106250850; bundleID='com.baidu.IdcardQuality', path='<DVTFilePath:0x7fc106298ca0:'/Users/mac/Library/Developer/Xcode/Archives/2020-05-05/多能 2020-5-5, 4.52 PM.xcarchive/Products/Applications/WeexEros.app/Frameworks/IdcardQuality.framework'>', codeSigningInfo='<_DVTCodeSigningInformation_Path: 0x7fc107c81540; isSigned='1', isAdHocSigned='0', signingCertificate='<DVTSigningCertificate: 0x7fc107ca9570; name='Apple Development: Bin An (W246VC58DM)', hash='FC6E4BC115F68DCAE35A60080E9D024715ED9ECA', serialNumber='150B14E5F659075D', certificateKinds='(
    "1.2.840.113635.100.6.1.12",
    "1.2.840.113635.100.6.1.2"
), issueDate='2020-04-11 02:29:15 +0000''>', entitlements='(null)', teamID='73PRWV2A43', identifier='com.baidu.IdcardQuality', executablePath='<DVTFilePath:0x7fc105197080:'/Users/mac/Library/Developer/Xcode/Archives/2020-05-05/多能 2020-5-5, 4.52 PM.xcarchive/Products/Applications/WeexEros.app/Frameworks/IdcardQuality.framework/IdcardQuality'>', hardenedRuntime='0'>'>: {
}
2020-05-05 08:55:36 +0000  Writing entitlements for <IDEDistributionItem: 0x7fc106250850; bundleID='com.baidu.IdcardQuality', path='<DVTFilePath:0x7fc106298ca0:'/Users/mac/Library/Developer/Xcode/Archives/2020-05-05/多能 2020-5-5, 4.52 PM.xcarchive/Products/Applications/WeexEros.app/Frameworks/IdcardQuality.framework'>', codeSigningInfo='<_DVTCodeSigningInformation_Path: 0x7fc107c81540; isSigned='1', isAdHocSigned='0', signingCertificate='<DVTSigningCertificate: 0x7fc113690dc0; name='Apple Development: Bin An (W246VC58DM)', hash='FC6E4BC115F68DCAE35A60080E9D024715ED9ECA', serialNumber='150B14E5F659075D', certificateKinds='(
    "1.2.840.113635.100.6.1.12",
    "1.2.840.113635.100.6.1.2"
), issueDate='2020-04-11 02:29:15 +0000''>', entitlements='(null)', teamID='73PRWV2A43', identifier='com.baidu.IdcardQuality', executablePath='<DVTFilePath:0x7fc105197080:'/Users/mac/Library/Developer/Xcode/Archives/2020-05-05/多能 2020-5-5, 4.52 PM.xcarchive/Products/Applications/WeexEros.app/Frameworks/IdcardQuality.framework/IdcardQuality'>', hardenedRuntime='0'>'> to: /var/folders/x9/dg08tzcn4_x7kmjdhsnj1q3c0000gn/T/XcodeDistPipeline.~~~DESWQ7/entitlements~~~yuYOPD
2020-05-05 08:55:36 +0000  Running /usr/bin/codesign '-vvv' '--force' '--sign' 'B99A972C2B5AEF5F2090103DCF118D8727F1E2E2' '--entitlements' '/var/folders/x9/dg08tzcn4_x7kmjdhsnj1q3c0000gn/T/XcodeDistPipeline.~~~DESWQ7/entitlements~~~yuYOPD' '--preserve-metadata=identifier,flags,runtime' '/var/folders/x9/dg08tzcn4_x7kmjdhsnj1q3c0000gn/T/XcodeDistPipeline.~~~DESWQ7/Root/Payload/WeexEros.app/Frameworks/IdcardQuality.framework'
2020-05-05 08:55:36 +0000  /var/folders/x9/dg08tzcn4_x7kmjdhsnj1q3c0000gn/T/XcodeDistPipeline.~~~DESWQ7/Root/Payload/WeexEros.app/Frameworks/IdcardQuality.framework: signed bundle with Mach-O universal (armv7 armv7s arm64) [com.baidu.IdcardQuality]
2020-05-05 08:55:36 +0000  /usr/bin/codesign exited with 0
2020-05-05 08:55:36 +0000  Entitlements for <IDEDistributionItem: 0x7fc101e90a20; bundleID='com.weile.duoneng', path='<DVTFilePath:0x7fc108dae1b0:'/Users/mac/Library/Developer/Xcode/Archives/2020-05-05/多能 2020-5-5, 4.52 PM.xcarchive/Products/Applications/WeexEros.app'>', codeSigningInfo='<_DVTCodeSigningInformation_Path: 0x7fc10624ab50; isSigned='1', isAdHocSigned='0', signingCertificate='<DVTSigningCertificate: 0x7fc101ea13b0; name='Apple Development: Bin An (W246VC58DM)', hash='FC6E4BC115F68DCAE35A60080E9D024715ED9ECA', serialNumber='150B14E5F659075D', certificateKinds='(
    "1.2.840.113635.100.6.1.12",
    "1.2.840.113635.100.6.1.2"
), issueDate='2020-04-11 02:29:15 +0000''>', entitlements='{
    "application-identifier" = "73PRWV2A43.com.weile.duoneng";
    "com.apple.developer.associated-domains" =     (
        "applinks:www.duoneng.top"
    );
    "com.apple.developer.team-identifier" = 73PRWV2A43;
    "get-task-allow" = 1;
}', teamID='73PRWV2A43', identifier='com.weile.duoneng', executablePath='<DVTFilePath:0x7fc107cef010:'/Users/mac/Library/Developer/Xcode/Archives/2020-05-05/多能 2020-5-5, 4.52 PM.xcarchive/Products/Applications/WeexEros.app/WeexEros'>', hardenedRuntime='0'>'>: {
    "application-identifier" = "73PRWV2A43.com.weile.duoneng";
    "beta-reports-active" = 1;
    "com.apple.developer.associated-domains" =     (
        "applinks:www.duoneng.top"
    );
    "com.apple.developer.team-identifier" = 73PRWV2A43;
    "get-task-allow" = 0;
}
2020-05-05 08:55:36 +0000  Writing entitlements for <IDEDistributionItem: 0x7fc101e90a20; bundleID='com.weile.duoneng', path='<DVTFilePath:0x7fc108dae1b0:'/Users/mac/Library/Developer/Xcode/Archives/2020-05-05/多能 2020-5-5, 4.52 PM.xcarchive/Products/Applications/WeexEros.app'>', codeSigningInfo='<_DVTCodeSigningInformation_Path: 0x7fc10624ab50; isSigned='1', isAdHocSigned='0', signingCertificate='<DVTSigningCertificate: 0x7fc107ccd3b0; name='Apple Development: Bin An (W246VC58DM)', hash='FC6E4BC115F68DCAE35A60080E9D024715ED9ECA', serialNumber='150B14E5F659075D', certificateKinds='(
    "1.2.840.113635.100.6.1.12",
    "1.2.840.113635.100.6.1.2"
), issueDate='2020-04-11 02:29:15 +0000''>', entitlements='{
    "application-identifier" = "73PRWV2A43.com.weile.duoneng";
    "com.apple.developer.associated-domains" =     (
        "applinks:www.duoneng.top"
    );
    "com.apple.developer.team-identifier" = 73PRWV2A43;
    "get-task-allow" = 1;
}', teamID='73PRWV2A43', identifier='com.weile.duoneng', executablePath='<DVTFilePath:0x7fc107cef010:'/Users/mac/Library/Developer/Xcode/Archives/2020-05-05/多能 2020-5-5, 4.52 PM.xcarchive/Products/Applications/WeexEros.app/WeexEros'>', hardenedRuntime='0'>'> to: /var/folders/x9/dg08tzcn4_x7kmjdhsnj1q3c0000gn/T/XcodeDistPipeline.~~~DESWQ7/entitlements~~~Hldf8q
2020-05-05 08:55:36 +0000  Running /usr/bin/codesign '-vvv' '--force' '--sign' 'B99A972C2B5AEF5F2090103DCF118D8727F1E2E2' '--entitlements' '/var/folders/x9/dg08tzcn4_x7kmjdhsnj1q3c0000gn/T/XcodeDistPipeline.~~~DESWQ7/entitlements~~~Hldf8q' '--preserve-metadata=identifier,flags,runtime' '/var/folders/x9/dg08tzcn4_x7kmjdhsnj1q3c0000gn/T/XcodeDistPipeline.~~~DESWQ7/Root/Payload/WeexEros.app'
2020-05-05 08:55:38 +0000  /var/folders/x9/dg08tzcn4_x7kmjdhsnj1q3c0000gn/T/XcodeDistPipeline.~~~DESWQ7/Root/Payload/WeexEros.app: signed app bundle with Mach-O universal (armv7 arm64) [com.weile.duoneng]
2020-05-05 08:55:38 +0000  /usr/bin/codesign exited with 0
2020-05-05 08:55:38 +0000  Processing step: IDEDistributionZipODRItemStep
2020-05-05 08:55:38 +0000  Skipping step: IDEDistributionZipODRItemStep because it said so
2020-05-05 08:55:38 +0000  Skipping step: IDEDistributionZipODRItemStep because it said so
2020-05-05 08:55:38 +0000  Skipping step: IDEDistributionZipODRItemStep because it said so
2020-05-05 08:55:38 +0000  Skipping step: IDEDistributionZipODRItemStep because it said so
2020-05-05 08:55:38 +0000  Processing step: IDEDistributionCreateIPAStep
2020-05-05 08:55:38 +0000  Running /usr/bin/ditto '-V' '-c' '-k' '--norsrc' '/var/folders/x9/dg08tzcn4_x7kmjdhsnj1q3c0000gn/T/XcodeDistPipeline.~~~DESWQ7/Root' '/var/folders/x9/dg08tzcn4_x7kmjdhsnj1q3c0000gn/T/XcodeDistPipeline.~~~DESWQ7/Packages/多能.ipa'
2020-05-05 08:55:38 +0000  >>> Copying /var/folders/x9/dg08tzcn4_x7kmjdhsnj1q3c0000gn/T/XcodeDistPipeline.~~~DESWQ7/Root 
2020-05-05 08:55:38 +0000  copying file ./Payload/WeexEros.app/bm-base.js ... 
2020-05-05 08:55:38 +0000  36893 bytes for ./Payload/WeexEros.app/bm-base.js
2020-05-05 08:55:38 +0000  copying file ./Payload/WeexEros.app/_CodeSignature/CodeResources ... 
2020-05-05 08:55:38 +0000  60424 bytes for ./Payload/WeexEros.app/_CodeSignature/CodeResources
2020-05-05 08:55:38 +0000  copying file ./Payload/WeexEros.app/CalendarLeftArrows@3x.png ... 
2020-05-05 08:55:38 +0000  1501 bytes for ./Payload/WeexEros.app/CalendarLeftArrows@3x.png
2020-05-05 08:55:38 +0000  copying file ./Payload/WeexEros.app/LaunchImage-1100-Portrait-2436h@3x.png ... 
2020-05-05 08:55:38 +0000  620523 bytes for ./Payload/WeexEros.app/LaunchImage-1100-Portrait-2436h@3x.png
copying file ./Payload/WeexEros.app/AppIcon20x20@2x.png ... 
2020-05-05 08:55:38 +0000  2540 bytes for ./Payload/WeexEros.app/AppIcon20x20@2x.png
copying file ./Payload/WeexEros.app/AppIcon20x20@3x.png ... 
4148 bytes for ./Payload/WeexEros.app/AppIcon20x20@3x.png
copying file ./Payload/WeexEros.app/MJRefresh.bundle/zh-Hans.lproj/Localizable.strings ... 
1194 bytes for ./Payload/WeexEros.app/MJRefresh.bundle/zh-Hans.lproj/Localizable.strings
copying file ./Payload/WeexEros.app/MJRefresh.bundle/en.lproj/Localizable.strings ... 
1372 bytes for ./Payload/WeexEros.app/MJRefresh.bundle/en.lproj/Localizable.strings
copying file ./Payload/WeexEros.app/MJRefresh.bundle/arrow@2x.png ... 
2020-05-05 08:55:38 +0000  1033 bytes for ./Payload/WeexEros.app/MJRefresh.bundle/arrow@2x.png
2020-05-05 08:55:38 +0000  copying file ./Payload/WeexEros.app/MJRefresh.bundle/zh-Hant.lproj/Localizable.strings ... 
2020-05-05 08:55:38 +0000  773 bytes for ./Payload/WeexEros.app/MJRefresh.bundle/zh-Hant.lproj/Localizable.strings
copying file ./Payload/WeexEros.app/CalendarLeftArrows@2x.png ... 
2020-05-05 08:55:38 +0000  1335 bytes for ./Payload/WeexEros.app/CalendarLeftArrows@2x.png
2020-05-05 08:55:38 +0000  copying file ./Payload/WeexEros.app/UMSocialSDKResources.bundle/UMSocialWaterMark/umsocial_defaultwatermark.png ... 
2020-05-05 08:55:38 +0000  3003 bytes for ./Payload/WeexEros.app/UMSocialSDKResources.bundle/UMSocialWaterMark/umsocial_defaultwatermark.png
2020-05-05 08:55:38 +0000  copying file ./Payload/WeexEros.app/UMSocialSDKResources.bundle/zh-Hans.lproj/UMSocialLocalizable.strings ... 
2020-05-05 08:55:38 +0000  6705 bytes for ./Payload/WeexEros.app/UMSocialSDKResources.bundle/zh-Hans.lproj/UMSocialLocalizable.strings
2020-05-05 08:55:38 +0000  copying file ./Payload/WeexEros.app/UMSocialSDKResources.bundle/en.lproj/UMSocialLocalizable.strings ... 
2020-05-05 08:55:38 +0000  6491 bytes for ./Payload/WeexEros.app/UMSocialSDKResources.bundle/en.lproj/UMSocialLocalizable.strings
2020-05-05 08:55:38 +0000  copying file ./Payload/WeexEros.app/UMSocialSDKResources.bundle/Buttons/UMS_nav_button_close@2x.png ... 
2020-05-05 08:55:38 +0000  500 bytes for ./Payload/WeexEros.app/UMSocialSDKResources.bundle/Buttons/UMS_nav_button_close@2x.png
copying file ./Payload/WeexEros.app/UMSocialSDKResources.bundle/Buttons/UMS_url_image@2x.png ... 
2020-05-05 08:55:38 +0000  1562 bytes for ./Payload/WeexEros.app/UMSocialSDKResources.bundle/Buttons/UMS_url_image@2x.png
2020-05-05 08:55:38 +0000  copying file ./Payload/WeexEros.app/UMSocialSDKResources.bundle/Buttons/UMS_url_music@2x.png ... 
2020-05-05 08:55:38 +0000  1771 bytes for ./Payload/WeexEros.app/UMSocialSDKResources.bundle/Buttons/UMS_url_music@2x.png
copying file ./Payload/WeexEros.app/UMSocialSDKResources.bundle/Buttons/UMS_add_friend_off@2x.png ... 
2020-05-05 08:55:38 +0000  134 bytes for ./Payload/WeexEros.app/UMSocialSDKResources.bundle/Buttons/UMS_add_friend_off@2x.png
copying file ./Payload/WeexEros.app/UMSocialSDKResources.bundle/Buttons/UMS_delete_image_button_normal@2x.png ... 
2020-05-05 08:55:38 +0000  891 bytes for ./Payload/WeexEros.app/UMSocialSDKResources.bundle/Buttons/UMS_delete_image_button_normal@2x.png
copying file ./Payload/WeexEros.app/UMSocialSDKResources.bundle/Buttons/UMS_nav_button_send@2x.png ... 
2020-05-05 08:55:38 +0000  1624 bytes for ./Payload/WeexEros.app/UMSocialSDKResources.bundle/Buttons/UMS_nav_button_send@2x.png
2020-05-05 08:55:38 +0000  copying file ./Payload/WeexEros.app/UMSocialSDKResources.bundle/Buttons/UMS_url_video@2x.png ... 
2020-05-05 08:55:38 +0000  2062 bytes for ./Payload/WeexEros.app/UMSocialSDKResources.bundle/Buttons/UMS_url_video@2x.png
2020-05-05 08:55:38 +0000  copying file ./Payload/WeexEros.app/UMSocialSDKResources.bundle/UMSocialPlatformTheme/default/umsocial_renren.png ... 
2020-05-05 08:55:38 +0000  1529 bytes for ./Payload/WeexEros.app/UMSocialSDKResources.bundle/UMSocialPlatformTheme/default/umsocial_renren.png
2020-05-05 08:55:38 +0000  copying file ./Payload/WeexEros.app/UMSocialSDKResources.bundle/UMSocialPlatformTheme/default/umsocial_default.png ... 
2020-05-05 08:55:38 +0000  4203 bytes for ./Payload/WeexEros.app/UMSocialSDKResources.bundle/UMSocialPlatformTheme/default/umsocial_default.png
copying file ./Payload/WeexEros.app/UMSocialSDKResources.bundle/UMSocialPlatformTheme/default/umsocial_pinterest.png ... 
2020-05-05 08:55:38 +0000  1987 bytes for ./Payload/WeexEros.app/UMSocialSDKResources.bundle/UMSocialPlatformTheme/default/umsocial_pinterest.png
2020-05-05 08:55:38 +0000  copying file ./Payload/WeexEros.app/UMSocialSDKResources.bundle/UMSocialPlatformTheme/default/umsocial_yixin_session.png ... 
2020-05-05 08:55:38 +0000  1833 bytes for ./Payload/WeexEros.app/UMSocialSDKResources.bundle/UMSocialPlatformTheme/default/umsocial_yixin_session.png
copying file ./Payload/WeexEros.app/UMSocialSDKResources.bundle/UMSocialPlatformTheme/default/umsocial_vkontakte.png ... 
2020-05-05 08:55:38 +0000  1867 bytes for ./Payload/WeexEros.app/UMSocialSDKResources.bundle/UMSocialPlatformTheme/default/umsocial_vkontakte.png
copying file ./Payload/WeexEros.app/UMSocialSDKResources.bundle/UMSocialPlatformTheme/default/umsocial_tim.png ... 
2020-05-05 08:55:38 +0000  2597 bytes for ./Payload/WeexEros.app/UMSocialSDKResources.bundle/UMSocialPlatformTheme/default/umsocial_tim.png
2020-05-05 08:55:38 +0000  copying file ./Payload/WeexEros.app/UMSocialSDKResources.bundle/UMSocialPlatformTheme/default/umsocial_lw_session.png ... 
2020-05-05 08:55:38 +0000  2391 bytes for ./Payload/WeexEros.app/UMSocialSDKResources.bundle/UMSocialPlatformTheme/default/umsocial_lw_session.png
copying file ./Payload/WeexEros.app/UMSocialSDKResources.bundle/UMSocialPlatformTheme/default/umsocial_linkedin.png ... 
2020-05-05 08:55:38 +0000  1637 bytes for ./Payload/WeexEros.app/UMSocialSDKResources.bundle/UMSocialPlatformTheme/default/umsocial_linkedin.png
2020-05-05 08:55:38 +0000  copying file ./Payload/WeexEros.app/UMSocialSDKResources.bundle/UMSocialPlatformTheme/default/umsocial_yixin_favorite.png ... 
2020-05-05 08:55:38 +0000  4145 bytes for ./Payload/WeexEros.app/UMSocialSDKResources.bundle/UMSocialPlatformTheme/default/umsocial_yixin_favorite.png
2020-05-05 08:55:38 +0000  copying file ./Payload/WeexEros.app/UMSocialSDKResources.bundle/UMSocialPlatformTheme/default/umsocial_youdaonote.png ... 
2020-05-05 08:55:38 +0000  1158 bytes for ./Payload/WeexEros.app/UMSocialSDKResources.bundle/UMSocialPlatformTheme/default/umsocial_youdaonote.png
copying file ./Payload/WeexEros.app/UMSocialSDKResources.bundle/UMSocialPlatformTheme/default/umsocial_flickr.png ... 
2020-05-05 08:55:38 +0000  979 bytes for ./Payload/WeexEros.app/UMSocialSDKResources.bundle/UMSocialPlatformTheme/default/umsocial_flickr.png
2020-05-05 08:55:38 +0000  copying file ./Payload/WeexEros.app/UMSocialSDKResources.bundle/UMSocialPlatformTheme/default/umsocial_line.png ... 
2020-05-05 08:55:38 +0000  1720 bytes for ./Payload/WeexEros.app/UMSocialSDKResources.bundle/UMSocialPlatformTheme/default/umsocial_line.png
copying file ./Payload/WeexEros.app/UMSocialSDKResources.bundle/UMSocialPlatformTheme/default/umsocial_email.png ... 
2020-05-05 08:55:38 +0000  1211 bytes for ./Payload/WeexEros.app/UMSocialSDKResources.bundle/UMSocialPlatformTheme/default/umsocial_email.png
2020-05-05 08:55:38 +0000  copying file ./Payload/WeexEros.app/UMSocialSDKResources.bundle/UMSocialPlatformTheme/default/umsocial_sms.png ... 
2020-05-05 08:55:38 +0000  1127 bytes for ./Payload/WeexEros.app/UMSocialSDKResources.bundle/UMSocialPlatformTheme/default/umsocial_sms.png
copying file ./Payload/WeexEros.app/UMSocialSDKResources.bundle/UMSocialPlatformTheme/default/umsocial_evernote.png ... 
2020-05-05 08:55:38 +0000  1267 bytes for ./Payload/WeexEros.app/UMSocialSDKResources.bundle/UMSocialPlatformTheme/default/umsocial_evernote.png
copying file ./Payload/WeexEros.app/UMSocialSDKResources.bundle/UMSocialPlatformTheme/default/umsocial_twitter.png ... 
2020-05-05 08:55:38 +0000  1442 bytes for ./Payload/WeexEros.app/UMSocialSDKResources.bundle/UMSocialPlatformTheme/default/umsocial_twitter.png
2020-05-05 08:55:38 +0000  copying file ./Payload/WeexEros.app/UMSocialSDKResources.bundle/UMSocialPlatformTheme/default/umsocial_whatsapp.png ... 
2020-05-05 08:55:38 +0000  1832 bytes for ./Payload/WeexEros.app/UMSocialSDKResources.bundle/UMSocialPlatformTheme/default/umsocial_whatsapp.png
copying file ./Payload/WeexEros.app/UMSocialSDKResources.bundle/UMSocialPlatformTheme/default/umsocial_ap.png ... 
2020-05-05 08:55:38 +0000  1370 bytes for ./Payload/WeexEros.app/UMSocialSDKResources.bundle/UMSocialPlatformTheme/default/umsocial_ap.png
2020-05-05 08:55:38 +0000  copying file ./Payload/WeexEros.app/UMSocialSDKResources.bundle/UMSocialPlatformTheme/default/umsocial_googleplus.png ... 
2020-05-05 08:55:38 +0000  2320 bytes for ./Payload/WeexEros.app/UMSocialSDKResources.bundle/UMSocialPlatformTheme/default/umsocial_googleplus.png
copying file ./Payload/WeexEros.app/UMSocialSDKResources.bundle/UMSocialPlatformTheme/default/umsocial_douban.png ... 
2020-05-05 08:55:38 +0000  813 bytes for ./Payload/WeexEros.app/UMSocialSDKResources.bundle/UMSocialPlatformTheme/default/umsocial_douban.png
copying file ./Payload/WeexEros.app/UMSocialSDKResources.bundle/UMSocialPlatformTheme/default/umsocial_lw_timeline.png ... 
2020-05-05 08:55:38 +0000  1139 bytes for ./Payload/WeexEros.app/UMSocialSDKResources.bundle/UMSocialPlatformTheme/default/umsocial_lw_timeline.png
2020-05-05 08:55:38 +0000  copying file ./Payload/WeexEros.app/UMSocialSDKResources.bundle/UMSocialPlatformTheme/default/umsocial_facebook.png ... 
2020-05-05 08:55:38 +0000  1468 bytes for ./Payload/WeexEros.app/UMSocialSDKResources.bundle/UMSocialPlatformTheme/default/umsocial_facebook.png
copying file ./Payload/WeexEros.app/UMSocialSDKResources.bundle/UMSocialPlatformTheme/default/umsocial_dingding.png ... 
2020-05-05 08:55:38 +0000  1390 bytes for ./Payload/WeexEros.app/UMSocialSDKResources.bundle/UMSocialPlatformTheme/default/umsocial_dingding.png
2020-05-05 08:55:38 +0000  copying file ./Payload/WeexEros.app/UMSocialSDKResources.bundle/UMSocialPlatformTheme/default/umsocial_wechat.png ... 
2020-05-05 08:55:38 +0000  1628 bytes for ./Payload/WeexEros.app/UMSocialSDKResources.bundle/UMSocialPlatformTheme/default/umsocial_wechat.png
copying file ./Payload/WeexEros.app/UMSocialSDKResources.bundle/UMSocialPlatformTheme/default/umsocial_yixin_timeline.png ... 
2020-05-05 08:55:38 +0000  2199 bytes for ./Payload/WeexEros.app/UMSocialSDKResources.bundle/UMSocialPlatformTheme/default/umsocial_yixin_timeline.png
2020-05-05 08:55:38 +0000  copying file ./Payload/WeexEros.app/UMSocialSDKResources.bundle/UMSocialPlatformTheme/default/umsocial_dropbox.png ... 
2020-05-05 08:55:38 +0000  1692 bytes for ./Payload/WeexEros.app/UMSocialSDKResources.bundle/UMSocialPlatformTheme/default/umsocial_dropbox.png
copying file ./Payload/WeexEros.app/UMSocialSDKResources.bundle/UMSocialPlatformTheme/default/umsocial_pocket.png ... 
2020-05-05 08:55:38 +0000  1405 bytes for ./Payload/WeexEros.app/UMSocialSDKResources.bundle/UMSocialPlatformTheme/default/umsocial_pocket.png
2020-05-05 08:55:38 +0000  copying file ./Payload/WeexEros.app/UMSocialSDKResources.bundle/UMSocialPlatformTheme/default/umsocial_wechat_timeline.png ... 
2020-05-05 08:55:38 +0000  1506 bytes for ./Payload/WeexEros.app/UMSocialSDKResources.bundle/UMSocialPlatformTheme/default/umsocial_wechat_timeline.png
copying file ./Payload/WeexEros.app/UMSocialSDKResources.bundle/UMSocialPlatformTheme/default/umsocial_tencentWB.png ... 
2020-05-05 08:55:38 +0000  1943 bytes for ./Payload/WeexEros.app/UMSocialSDKResources.bundle/UMSocialPlatformTheme/default/umsocial_tencentWB.png
2020-05-05 08:55:38 +0000  copying file ./Payload/WeexEros.app/UMSocialSDKResources.bundle/UMSocialPlatformTheme/default/umsocial_wechat_favorite.png ... 
2020-05-05 08:55:38 +0000  1179 bytes for ./Payload/WeexEros.app/UMSocialSDKResources.bundle/UMSocialPlatformTheme/default/umsocial_wechat_favorite.png
copying file ./Payload/WeexEros.app/UMSocialSDKResources.bundle/UMSocialPlatformTheme/default/umsocial_sina.png ... 
2020-05-05 08:55:38 +0000  2581 bytes for ./Payload/WeexEros.app/UMSocialSDKResources.bundle/UMSocialPlatformTheme/default/umsocial_sina.png
2020-05-05 08:55:38 +0000  copying file ./Payload/WeexEros.app/UMSocialSDKResources.bundle/UMSocialPlatformTheme/default/umsocial_tumblr.png ... 
2020-05-05 08:55:38 +0000  1564 bytes for ./Payload/WeexEros.app/UMSocialSDKResources.bundle/UMSocialPlatformTheme/default/umsocial_tumblr.png
copying file ./Payload/WeexEros.app/UMSocialSDKResources.bundle/UMSocialPlatformTheme/default/umsocial_kakaoTalk.png ... 
2020-05-05 08:55:38 +0000  1893 bytes for ./Payload/WeexEros.app/UMSocialSDKResources.bundle/UMSocialPlatformTheme/default/umsocial_kakaoTalk.png
2020-05-05 08:55:38 +0000  copying file ./Payload/WeexEros.app/UMSocialSDKResources.bundle/UMSocialPlatformTheme/default/umsocial_facebookmessenger.png ... 
2020-05-05 08:55:38 +0000  1749 bytes for ./Payload/WeexEros.app/UMSocialSDKResources.bundle/UMSocialPlatformTheme/default/umsocial_facebookmessenger.png
copying file ./Payload/WeexEros.app/UMSocialSDKResources.bundle/UMSocialPlatformTheme/default/umsocial_qzone.png ... 
2020-05-05 08:55:38 +0000  2083 bytes for ./Payload/WeexEros.app/UMSocialSDKResources.bundle/UMSocialPlatformTheme/default/umsocial_qzone.png
2020-05-05 08:55:38 +0000  copying file ./Payload/WeexEros.app/UMSocialSDKResources.bundle/UMSocialPlatformTheme/default/umsocial_qq.png ... 
2020-05-05 08:55:38 +0000  3505 bytes for ./Payload/WeexEros.app/UMSocialSDKResources.bundle/UMSocialPlatformTheme/default/umsocial_qq.png
2020-05-05 08:55:38 +0000  copying file ./Payload/WeexEros.app/UMSocialSDKResources.bundle/UMSocialPlatformTheme/default/umsocial_instagram.png ... 
2020-05-05 08:55:38 +0000  1952 bytes for ./Payload/WeexEros.app/UMSocialSDKResources.bundle/UMSocialPlatformTheme/default/umsocial_instagram.png
2020-05-05 08:55:38 +0000  copying file ./Payload/WeexEros.app/AppIcon60x60@2x.png ... 
2020-05-05 08:55:38 +0000  12118 bytes for ./Payload/WeexEros.app/AppIcon60x60@2x.png
2020-05-05 08:55:38 +0000  copying file ./Payload/WeexEros.app/eros.native.json ... 
1371 bytes for ./Payload/WeexEros.app/eros.native.json
2020-05-05 08:55:38 +0000  copying file ./Payload/WeexEros.app/arrowInKeyboard@2x.png ... 
2020-05-05 08:55:38 +0000  932 bytes for ./Payload/WeexEros.app/arrowInKeyboard@2x.png
copying file ./Payload/WeexEros.app/AppIcon29x29@2x.png ... 
2020-05-05 08:55:38 +0000  4065 bytes for ./Payload/WeexEros.app/AppIcon29x29@2x.png
2020-05-05 08:55:38 +0000  copying file ./Payload/WeexEros.app/LaunchImage-800-667h@2x.png ... 
2020-05-05 08:55:38 +0000  312196 bytes for ./Payload/WeexEros.app/LaunchImage-800-667h@2x.png
2020-05-05 08:55:38 +0000  copying file ./Payload/WeexEros.app/WeexEros ... 
2020-05-05 08:55:42 +0000  118409664 bytes for ./Payload/WeexEros.app/WeexEros
copying file ./Payload/WeexEros.app/AppIcon40x40@3x.png ... 
2020-05-05 08:55:42 +0000  12118 bytes for ./Payload/WeexEros.app/AppIcon40x40@3x.png
copying file ./Payload/WeexEros.app/TZImagePickerController.bundle/takePicture@2x.png ... 
3054 bytes for ./Payload/WeexEros.app/TZImagePickerController.bundle/takePicture@2x.png
copying file ./Payload/WeexEros.app/TZImagePickerController.bundle/zh-Hans.lproj/Localizable.strings ... 
1902 bytes for ./Payload/WeexEros.app/TZImagePickerController.bundle/zh-Hans.lproj/Localizable.strings
copying file ./Payload/WeexEros.app/TZImagePickerController.bundle/photo_sel_photoPickerVc@2x.png ... 
2020-05-05 08:55:42 +0000  1006 bytes for ./Payload/WeexEros.app/TZImagePickerController.bundle/photo_sel_photoPickerVc@2x.png
2020-05-05 08:55:42 +0000  copying file ./Payload/WeexEros.app/TZImagePickerController.bundle/en.lproj/Localizable.strings ... 
2020-05-05 08:55:42 +0000  2594 bytes for ./Payload/WeexEros.app/TZImagePickerController.bundle/en.lproj/Localizable.strings
2020-05-05 08:55:42 +0000  copying file ./Payload/WeexEros.app/TZImagePickerController.bundle/MMVideoPreviewPlayHL@2x.png ... 
2020-05-05 08:55:42 +0000  3645 bytes for ./Payload/WeexEros.app/TZImagePickerController.bundle/MMVideoPreviewPlayHL@2x.png
2020-05-05 08:55:42 +0000  copying file ./Payload/WeexEros.app/TZImagePickerController.bundle/photo_sel_previewVc@2x.png ... 
2020-05-05 08:55:42 +0000  1183 bytes for ./Payload/WeexEros.app/TZImagePickerController.bundle/photo_sel_previewVc@2x.png
copying file ./Payload/WeexEros.app/TZImagePickerController.bundle/MMVideoPreviewPlay@2x.png ... 
2020-05-05 08:55:42 +0000  3645 bytes for ./Payload/WeexEros.app/TZImagePickerController.bundle/MMVideoPreviewPlay@2x.png
2020-05-05 08:55:42 +0000  copying file ./Payload/WeexEros.app/TZImagePickerController.bundle/preview_original_def@2x.png ... 
392 bytes for ./Payload/WeexEros.app/TZImagePickerController.bundle/preview_original_def@2x.png
2020-05-05 08:55:42 +0000  copying file ./Payload/WeexEros.app/TZImagePickerController.bundle/photo_def_previewVc@2x.png ... 
2020-05-05 08:55:42 +0000  1155 bytes for ./Payload/WeexEros.app/TZImagePickerController.bundle/photo_def_previewVc@2x.png
copying file ./Payload/WeexEros.app/TZImagePickerController.bundle/photo_original_sel@2x.png ... 
2020-05-05 08:55:42 +0000  620 bytes for ./Payload/WeexEros.app/TZImagePickerController.bundle/photo_original_sel@2x.png
2020-05-05 08:55:42 +0000  copying file ./Payload/WeexEros.app/TZImagePickerController.bundle/zh-Hant.lproj/Localizable.strings ... 
2020-05-05 08:55:42 +0000  1902 bytes for ./Payload/WeexEros.app/TZImagePickerController.bundle/zh-Hant.lproj/Localizable.strings
2020-05-05 08:55:42 +0000  copying file ./Payload/WeexEros.app/TZImagePickerController.bundle/takePicture80@2x.png ... 
2020-05-05 08:55:42 +0000  1285 bytes for ./Payload/WeexEros.app/TZImagePickerController.bundle/takePicture80@2x.png
copying file ./Payload/WeexEros.app/TZImagePickerController.bundle/photo_def_photoPickerVc@2x.png ... 
2020-05-05 08:55:42 +0000  1155 bytes for ./Payload/WeexEros.app/TZImagePickerController.bundle/photo_def_photoPickerVc@2x.png
2020-05-05 08:55:42 +0000  copying file ./Payload/WeexEros.app/TZImagePickerController.bundle/preview_number_icon@2x.png ... 
2020-05-05 08:55:42 +0000  501 bytes for ./Payload/WeexEros.app/TZImagePickerController.bundle/preview_number_icon@2x.png
copying file ./Payload/WeexEros.app/TZImagePickerController.bundle/vi.lproj/Localizable.strings ... 
2020-05-05 08:55:42 +0000  1614 bytes for ./Payload/WeexEros.app/TZImagePickerController.bundle/vi.lproj/Localizable.strings
2020-05-05 08:55:42 +0000  copying file ./Payload/WeexEros.app/TZImagePickerController.bundle/navi_back@2x.png ... 
2020-05-05 08:55:42 +0000  116 bytes for ./Payload/WeexEros.app/TZImagePickerController.bundle/navi_back@2x.png
copying file ./Payload/WeexEros.app/TZImagePickerController.bundle/photo_original_def@2x.png ... 
2020-05-05 08:55:42 +0000  1602 bytes for ./Payload/WeexEros.app/TZImagePickerController.bundle/photo_original_def@2x.png
copying file ./Payload/WeexEros.app/TZImagePickerController.bundle/photo_number_icon@2x.png ... 
2020-05-05 08:55:42 +0000  501 bytes for ./Payload/WeexEros.app/TZImagePickerController.bundle/photo_number_icon@2x.png
2020-05-05 08:55:42 +0000  copying file ./Payload/WeexEros.app/TZImagePickerController.bundle/VideoSendIcon@2x.png ... 
223 bytes for ./Payload/WeexEros.app/TZImagePickerController.bundle/VideoSendIcon@2x.png
2020-05-05 08:55:42 +0000  copying file ./Payload/WeexEros.app/weex-rax-api.js ... 
2020-05-05 08:55:42 +0000  118979 bytes for ./Payload/WeexEros.app/weex-rax-api.js
2020-05-05 08:55:42 +0000  copying file ./Payload/WeexEros.app/AppIcon29x29~ipad.png ... 
1749 bytes for ./Payload/WeexEros.app/AppIcon29x29~ipad.png
copying file ./Payload/WeexEros.app/AppIcon40x40@2x.png ... 
6484 bytes for ./Payload/WeexEros.app/AppIcon40x40@2x.png
copying file ./Payload/WeexEros.app/AppIcon29x29@3x.png ... 
7360 bytes for ./Payload/WeexEros.app/AppIcon29x29@3x.png
copying file ./Payload/WeexEros.app/AppIcon60x60@3x.png ... 
2020-05-05 08:55:42 +0000  20675 bytes for ./Payload/WeexEros.app/AppIcon60x60@3x.png
2020-05-05 08:55:42 +0000  copying file ./Payload/WeexEros.app/bm-chart.html ... 
1450 bytes for ./Payload/WeexEros.app/bm-chart.html
copying file ./Payload/WeexEros.app/bundle.zip ... 
2020-05-05 08:55:43 +0000  3303427 bytes for ./Payload/WeexEros.app/bundle.zip
2020-05-05 08:55:43 +0000  copying file ./Payload/WeexEros.app/Assets.car ... 
2020-05-05 08:55:43 +0000  999727 bytes for ./Payload/WeexEros.app/Assets.car
2020-05-05 08:55:43 +0000  copying file ./Payload/WeexEros.app/AppIcon40x40@2x~ipad.png ... 
6484 bytes for ./Payload/WeexEros.app/AppIcon40x40@2x~ipad.png
copying file ./Payload/WeexEros.app/bundle.config ... 
7277 bytes for ./Payload/WeexEros.app/bundle.config
copying file ./Payload/WeexEros.app/AppIcon76x76@2x~ipad.png ... 
2020-05-05 08:55:43 +0000  15720 bytes for ./Payload/WeexEros.app/AppIcon76x76@2x~ipad.png
2020-05-05 08:55:43 +0000  copying file ./Payload/WeexEros.app/LaunchImage-800-Portrait-736h@3x.png ... 
2020-05-05 08:55:43 +0000  680287 bytes for ./Payload/WeexEros.app/LaunchImage-800-Portrait-736h@3x.png
copying file ./Payload/WeexEros.app/LaunchImage-700@2x.png ... 
2020-05-05 08:55:43 +0000  220327 bytes for ./Payload/WeexEros.app/LaunchImage-700@2x.png
copying file ./Payload/WeexEros.app/AppIcon83.5x83.5@2x~ipad.png ... 
2020-05-05 08:55:43 +0000  18396 bytes for ./Payload/WeexEros.app/AppIcon83.5x83.5@2x~ipad.png
copying file ./Payload/WeexEros.app/LaunchImage-700-568h@2x.png ... 
2020-05-05 08:55:43 +0000  248023 bytes for ./Payload/WeexEros.app/LaunchImage-700-568h@2x.png
2020-05-05 08:55:43 +0000  copying file ./Payload/WeexEros.app/wx_load_error@3x.png ... 
18093 bytes for ./Payload/WeexEros.app/wx_load_error@3x.png
copying file ./Payload/WeexEros.app/AppIcon29x29@2x~ipad.png ... 
4065 bytes for ./Payload/WeexEros.app/AppIcon29x29@2x~ipad.png
copying file ./Payload/WeexEros.app/AppIcon40x40~ipad.png ... 
2020-05-05 08:55:43 +0000  2540 bytes for ./Payload/WeexEros.app/AppIcon40x40~ipad.png
2020-05-05 08:55:43 +0000  copying file ./Payload/WeexEros.app/Frameworks/AipOcrSdk.framework/_CodeSignature/CodeResources ... 
2020-05-05 08:55:43 +0000  9912 bytes for ./Payload/WeexEros.app/Frameworks/AipOcrSdk.framework/_CodeSignature/CodeResources
2020-05-05 08:55:43 +0000  copying file ./Payload/WeexEros.app/Frameworks/AipOcrSdk.framework/xuanzhuan@2x.png ... 
2020-05-05 08:55:43 +0000  1884 bytes for ./Payload/WeexEros.app/Frameworks/AipOcrSdk.framework/xuanzhuan@2x.png
copying file ./Payload/WeexEros.app/Frameworks/AipOcrSdk.framework/Page 1@3x.png ... 
2020-05-05 08:55:43 +0000  6773 bytes for ./Payload/WeexEros.app/Frameworks/AipOcrSdk.framework/Page 1@3x.png
2020-05-05 08:55:43 +0000  copying file ./Payload/WeexEros.app/Frameworks/AipOcrSdk.framework/guanbi@2x.png ... 
2020-05-05 08:55:43 +0000  949 bytes for ./Payload/WeexEros.app/Frameworks/AipOcrSdk.framework/guanbi@2x.png
copying file ./Payload/WeexEros.app/Frameworks/AipOcrSdk.framework/guanbi@3x.png ... 
2020-05-05 08:55:43 +0000  1666 bytes for ./Payload/WeexEros.app/Frameworks/AipOcrSdk.framework/guanbi@3x.png
2020-05-05 08:55:43 +0000  copying file ./Payload/WeexEros.app/Frameworks/AipOcrSdk.framework/Page 1@2x.png ... 
2020-05-05 08:55:43 +0000  4455 bytes for ./Payload/WeexEros.app/Frameworks/AipOcrSdk.framework/Page 1@2x.png
2020-05-05 08:55:43 +0000  copying file ./Payload/WeexEros.app/Frameworks/AipOcrSdk.framework/xuanzhuan@3x.png ... 
2020-05-05 08:55:43 +0000  2652 bytes for ./Payload/WeexEros.app/Frameworks/AipOcrSdk.framework/xuanzhuan@3x.png
copying file ./Payload/WeexEros.app/Frameworks/AipOcrSdk.framework/guan@2x.png ... 
2020-05-05 08:55:43 +0000  428 bytes for ./Payload/WeexEros.app/Frameworks/AipOcrSdk.framework/guan@2x.png
2020-05-05 08:55:43 +0000  copying file ./Payload/WeexEros.app/Frameworks/AipOcrSdk.framework/queding@2x.png ... 
2020-05-05 08:55:43 +0000  814 bytes for ./Payload/WeexEros.app/Frameworks/AipOcrSdk.framework/queding@2x.png
copying file ./Payload/WeexEros.app/Frameworks/AipOcrSdk.framework/AipOcrSdk ... 
2020-05-05 08:55:43 +0000  2091360 bytes for ./Payload/WeexEros.app/Frameworks/AipOcrSdk.framework/AipOcrSdk
copying file ./Payload/WeexEros.app/Frameworks/AipOcrSdk.framework/queding@3x.png ... 
2020-05-05 08:55:43 +0000  1259 bytes for ./Payload/WeexEros.app/Frameworks/AipOcrSdk.framework/queding@3x.png
copying file ./Payload/WeexEros.app/Frameworks/AipOcrSdk.framework/guan@3x.png ... 
601 bytes for ./Payload/WeexEros.app/Frameworks/AipOcrSdk.framework/guan@3x.png
copying file ./Payload/WeexEros.app/Frameworks/AipOcrSdk.framework/xuxian@3x.png ... 
2020-05-05 08:55:43 +0000  11724 bytes for ./Payload/WeexEros.app/Frameworks/AipOcrSdk.framework/xuxian@3x.png
copying file ./Payload/WeexEros.app/Frameworks/AipOcrSdk.framework/paizhaoanniu_dianjihou@2x.png ... 
2020-05-05 08:55:43 +0000  5951 bytes for ./Payload/WeexEros.app/Frameworks/AipOcrSdk.framework/paizhaoanniu_dianjihou@2x.png
2020-05-05 08:55:43 +0000  copying file ./Payload/WeexEros.app/Frameworks/AipOcrSdk.framework/dengpao_dianjihou@2x.png ... 
1875 bytes for ./Payload/WeexEros.app/Frameworks/AipOcrSdk.framework/dengpao_dianjihou@2x.png
2020-05-05 08:55:43 +0000  copying file ./Payload/WeexEros.app/Frameworks/AipOcrSdk.framework/tuku@2x.png ... 
1258 bytes for ./Payload/WeexEros.app/Frameworks/AipOcrSdk.framework/tuku@2x.png
copying file ./Payload/WeexEros.app/Frameworks/AipOcrSdk.framework/tuku@3x.png ... 
2020-05-05 08:55:43 +0000  2013 bytes for ./Payload/WeexEros.app/Frameworks/AipOcrSdk.framework/tuku@3x.png
2020-05-05 08:55:43 +0000  copying file ./Payload/WeexEros.app/Frameworks/AipOcrSdk.framework/dengpao_dianjihou@3x.png ... 
2020-05-05 08:55:43 +0000  2874 bytes for ./Payload/WeexEros.app/Frameworks/AipOcrSdk.framework/dengpao_dianjihou@3x.png
2020-05-05 08:55:43 +0000  copying file ./Payload/WeexEros.app/Frameworks/AipOcrSdk.framework/paizhaoanniu_dianjihou@3x.png ... 
2020-05-05 08:55:43 +0000  9059 bytes for ./Payload/WeexEros.app/Frameworks/AipOcrSdk.framework/paizhaoanniu_dianjihou@3x.png
copying file ./Payload/WeexEros.app/Frameworks/AipOcrSdk.framework/xuxian@2x.png ... 
2020-05-05 08:55:43 +0000  7502 bytes for ./Payload/WeexEros.app/Frameworks/AipOcrSdk.framework/xuxian@2x.png
2020-05-05 08:55:43 +0000  copying file ./Payload/WeexEros.app/Frameworks/AipOcrSdk.framework/dengpao@3x.png ... 
2391 bytes for ./Payload/WeexEros.app/Frameworks/AipOcrSdk.framework/dengpao@3x.png
copying file ./Payload/WeexEros.app/Frameworks/AipOcrSdk.framework/paizhaoanniu@3x.png ... 
2020-05-05 08:55:43 +0000  8455 bytes for ./Payload/WeexEros.app/Frameworks/AipOcrSdk.framework/paizhaoanniu@3x.png
2020-05-05 08:55:43 +0000  copying file ./Payload/WeexEros.app/Frameworks/AipOcrSdk.framework/dengpao@2x.png ... 
2020-05-05 08:55:43 +0000  1521 bytes for ./Payload/WeexEros.app/Frameworks/AipOcrSdk.framework/dengpao@2x.png
copying file ./Payload/WeexEros.app/Frameworks/AipOcrSdk.framework/paizhaoanniu@2x.png ... 
2020-05-05 08:55:43 +0000  5549 bytes for ./Payload/WeexEros.app/Frameworks/AipOcrSdk.framework/paizhaoanniu@2x.png
2020-05-05 08:55:43 +0000  copying file ./Payload/WeexEros.app/Frameworks/AipOcrSdk.framework/AipOcrSdk.storyboardc/qVB-bS-VcD-view-pEK-B6-uAC.nib ... 
2020-05-05 08:55:43 +0000  7199 bytes for ./Payload/WeexEros.app/Frameworks/AipOcrSdk.framework/AipOcrSdk.storyboardc/qVB-bS-VcD-view-pEK-B6-uAC.nib
2020-05-05 08:55:43 +0000  copying file ./Payload/WeexEros.app/Frameworks/AipOcrSdk.framework/AipOcrSdk.storyboardc/AipGeneralVC.nib ... 
1021 bytes for ./Payload/WeexEros.app/Frameworks/AipOcrSdk.framework/AipOcrSdk.storyboardc/AipGeneralVC.nib
copying file ./Payload/WeexEros.app/Frameworks/AipOcrSdk.framework/AipOcrSdk.storyboardc/ANZ-N0-y67-view-Tv2-ge-o8Q.nib ... 
2020-05-05 08:55:43 +0000  9767 bytes for ./Payload/WeexEros.app/Frameworks/AipOcrSdk.framework/AipOcrSdk.storyboardc/ANZ-N0-y67-view-Tv2-ge-o8Q.nib
2020-05-05 08:55:43 +0000  copying file ./Payload/WeexEros.app/Frameworks/AipOcrSdk.framework/AipOcrSdk.storyboardc/AipCaptureCardVC.nib ... 
1025 bytes for ./Payload/WeexEros.app/Frameworks/AipOcrSdk.framework/AipOcrSdk.storyboardc/AipCaptureCardVC.nib
copying file ./Payload/WeexEros.app/Frameworks/AipOcrSdk.framework/AipOcrSdk.storyboardc/Info.plist ... 
187 bytes for ./Payload/WeexEros.app/Frameworks/AipOcrSdk.framework/AipOcrSdk.storyboardc/Info.plist
copying file ./Payload/WeexEros.app/Frameworks/AipOcrSdk.framework/Info.plist ... 
2020-05-05 08:55:43 +0000  704 bytes for ./Payload/WeexEros.app/Frameworks/AipOcrSdk.framework/Info.plist
2020-05-05 08:55:43 +0000  copying file ./Payload/WeexEros.app/Frameworks/AipBase.framework/_CodeSignature/CodeResources ... 
2020-05-05 08:55:43 +0000  1798 bytes for ./Payload/WeexEros.app/Frameworks/AipBase.framework/_CodeSignature/CodeResources
2020-05-05 08:55:43 +0000  copying file ./Payload/WeexEros.app/Frameworks/AipBase.framework/AipBase ... 
2020-05-05 08:55:43 +0000  450000 bytes for ./Payload/WeexEros.app/Frameworks/AipBase.framework/AipBase
copying file ./Payload/WeexEros.app/Frameworks/AipBase.framework/Info.plist ... 
2020-05-05 08:55:43 +0000  708 bytes for ./Payload/WeexEros.app/Frameworks/AipBase.framework/Info.plist
copying file ./Payload/WeexEros.app/Frameworks/IdcardQuality.framework/_CodeSignature/CodeResources ... 
2422 bytes for ./Payload/WeexEros.app/Frameworks/IdcardQuality.framework/_CodeSignature/CodeResources
copying file ./Payload/WeexEros.app/Frameworks/IdcardQuality.framework/IdcardQuality ... 
2020-05-05 08:55:43 +0000  4535824 bytes for ./Payload/WeexEros.app/Frameworks/IdcardQuality.framework/IdcardQuality
copying file ./Payload/WeexEros.app/Frameworks/IdcardQuality.framework/quality_model_secret.bin ... 
2020-05-05 08:55:43 +0000  105419 bytes for ./Payload/WeexEros.app/Frameworks/IdcardQuality.framework/quality_model_secret.bin
2020-05-05 08:55:43 +0000  copying file ./Payload/WeexEros.app/Frameworks/IdcardQuality.framework/integrity_model_secret.bin ... 
2020-05-05 08:55:43 +0000  106187 bytes for ./Payload/WeexEros.app/Frameworks/IdcardQuality.framework/integrity_model_secret.bin
2020-05-05 08:55:43 +0000  copying file ./Payload/WeexEros.app/Frameworks/IdcardQuality.framework/Info.plist ... 
730 bytes for ./Payload/WeexEros.app/Frameworks/IdcardQuality.framework/Info.plist
copying file ./Payload/WeexEros.app/AppIcon20x20~ipad.png ... 
1118 bytes for ./Payload/WeexEros.app/AppIcon20x20~ipad.png
copying file ./Payload/WeexEros.app/CalendarReightArrows@3x.png ... 
1501 bytes for ./Payload/WeexEros.app/CalendarReightArrows@3x.png
copying file ./Payload/WeexEros.app/embedded.mobileprovision ... 
9322 bytes for ./Payload/WeexEros.app/embedded.mobileprovision
copying file ./Payload/WeexEros.app/SVProgressHUD.bundle/info.png ... 
2020-05-05 08:55:43 +0000  365 bytes for ./Payload/WeexEros.app/SVProgressHUD.bundle/info.png
copying file ./Payload/WeexEros.app/SVProgressHUD.bundle/error@3x.png ... 
2020-05-05 08:55:43 +0000  398 bytes for ./Payload/WeexEros.app/SVProgressHUD.bundle/error@3x.png
2020-05-05 08:55:43 +0000  copying file ./Payload/WeexEros.app/SVProgressHUD.bundle/angle-mask@3x.png ... 
2020-05-05 08:55:43 +0000  8319 bytes for ./Payload/WeexEros.app/SVProgressHUD.bundle/angle-mask@3x.png
2020-05-05 08:55:43 +0000  copying file ./Payload/WeexEros.app/SVProgressHUD.bundle/angle-mask@2x.png ... 
2020-05-05 08:55:43 +0000  4893 bytes for ./Payload/WeexEros.app/SVProgressHUD.bundle/angle-mask@2x.png
copying file ./Payload/WeexEros.app/SVProgressHUD.bundle/error@2x.png ... 
2020-05-05 08:55:43 +0000  306 bytes for ./Payload/WeexEros.app/SVProgressHUD.bundle/error@2x.png
2020-05-05 08:55:43 +0000  copying file ./Payload/WeexEros.app/SVProgressHUD.bundle/info@3x.png ... 
2020-05-05 08:55:43 +0000  1200 bytes for ./Payload/WeexEros.app/SVProgressHUD.bundle/info@3x.png
copying file ./Payload/WeexEros.app/SVProgressHUD.bundle/success@2x.png ... 
2020-05-05 08:55:43 +0000  462 bytes for ./Payload/WeexEros.app/SVProgressHUD.bundle/success@2x.png
copying file ./Payload/WeexEros.app/SVProgressHUD.bundle/success@3x.png ... 
2020-05-05 08:55:43 +0000  714 bytes for ./Payload/WeexEros.app/SVProgressHUD.bundle/success@3x.png
2020-05-05 08:55:43 +0000  copying file ./Payload/WeexEros.app/SVProgressHUD.bundle/info@2x.png ... 
2020-05-05 08:55:43 +0000  816 bytes for ./Payload/WeexEros.app/SVProgressHUD.bundle/info@2x.png
copying file ./Payload/WeexEros.app/SVProgressHUD.bundle/error.png ... 
2020-05-05 08:55:43 +0000  184 bytes for ./Payload/WeexEros.app/SVProgressHUD.bundle/error.png
copying file ./Payload/WeexEros.app/SVProgressHUD.bundle/success.png ... 
2020-05-05 08:55:43 +0000  262 bytes for ./Payload/WeexEros.app/SVProgressHUD.bundle/success.png
copying file ./Payload/WeexEros.app/SVProgressHUD.bundle/angle-mask.png ... 
2020-05-05 08:55:43 +0000  1845 bytes for ./Payload/WeexEros.app/SVProgressHUD.bundle/angle-mask.png
2020-05-05 08:55:43 +0000  copying file ./Payload/WeexEros.app/weex-polyfill.js ... 
2020-05-05 08:55:43 +0000  20054 bytes for ./Payload/WeexEros.app/weex-polyfill.js
2020-05-05 08:55:43 +0000  copying file ./Payload/WeexEros.app/CalendarReightArrows@2x.png ... 
1324 bytes for ./Payload/WeexEros.app/CalendarReightArrows@2x.png
copying file ./Payload/WeexEros.app/native-bundle-main.js ... 
2020-05-05 08:55:43 +0000  256178 bytes for ./Payload/WeexEros.app/native-bundle-main.js
copying file ./Payload/WeexEros.app/AppIcon20x20@2x~ipad.png ... 
2020-05-05 08:55:43 +0000  2540 bytes for ./Payload/WeexEros.app/AppIcon20x20@2x~ipad.png
copying file ./Payload/WeexEros.app/weex-main-jsfm.js ... 
2020-05-05 08:55:43 +0000  179669 bytes for ./Payload/WeexEros.app/weex-main-jsfm.js
2020-05-05 08:55:43 +0000  copying file ./Payload/WeexEros.app/Info.plist ... 
4234 bytes for ./Payload/WeexEros.app/Info.plist
copying file ./Payload/WeexEros.app/echarts.min.js ... 
2020-05-05 08:55:43 +0000  666127 bytes for ./Payload/WeexEros.app/echarts.min.js
copying file ./Payload/WeexEros.app/PkgInfo ... 
2020-05-05 08:55:43 +0000  8 bytes for ./Payload/WeexEros.app/PkgInfo
copying file ./Payload/WeexEros.app/AppIcon76x76~ipad.png ... 
6051 bytes for ./Payload/WeexEros.app/AppIcon76x76~ipad.png
copying file ./Payload/WeexEros.app/aip.license ... 
80 bytes for ./Payload/WeexEros.app/aip.license
2020-05-05 08:55:43 +0000  /usr/bin/ditto exited with 0
2020-05-05 08:55:43 +0000  Processing step: IDEDistributionAppStoreInformationStep
2020-05-05 08:55:43 +0000  Skipping step: IDEDistributionAppStoreInformationStep because it said so
2020-05-05 08:55:43 +0000  Processing step: IDEDistributionGenerateProcessedDistributionItems
2020-05-05 08:55:43 +0000  Processing step: IDEDistributionCreateManifestStep
2020-05-05 08:55:43 +0000  Skipping step: IDEDistributionCreateManifestStep because it said so
